<?xml version="1.0" encoding="UTF-8"?>
<testsuite xmlns:xsi="http://www.w3.org/2001/XMLSchema-instance" xsi:noNamespaceSchemaLocation="https://maven.apache.org/surefire/maven-surefire-plugin/xsd/surefire-test-report-3.0.xsd" version="3.0" name="com.unir.tests.KarateRunnerTest" time="7.294" tests="45" errors="0" skipped="0" failures="3">
  <properties>
[...]
</properties>
  <testcase name="[1:3] 1. Verificacion de API y Health Check" classname="src/test/features/calculator" time="0.788">
    <system-out><![CDATA[17:57:28.178 [main] DEBUG com.intuit.karate.Suite -- [config] classpath:karate-config.js
17:57:30.461 [main] DEBUG org.apache.http.client.protocol.RequestAddCookies -- CookieSpec selected: karate
17:57:30.470 [main] DEBUG org.apache.http.client.protocol.RequestAuthCache -- Auth cache not set in the context
17:57:30.470 [main] DEBUG com.intuit.karate -- request:
1 > GET http://127.0.0.1:5000
1 > Host: 127.0.0.1:5000
1 > Connection: Keep-Alive
1 > User-Agent: Apache-HttpClient/4.5.14 (Java/17.0.2)
1 > Accept-Encoding: gzip,deflate


17:57:30.470 [main] DEBUG org.apache.http.impl.conn.PoolingHttpClientConnectionManager -- Connection request: [route: {}->http://127.0.0.1:5000][total available: 0; route allocated: 0 of 5; total allocated: 0 of 10]
17:57:30.485 [main] DEBUG org.apache.http.impl.conn.PoolingHttpClientConnectionManager -- Connection leased: [id: 0][route: {}->http://127.0.0.1:5000][total available: 0; route allocated: 1 of 5; total allocated: 1 of 10]
17:57:30.485 [main] DEBUG org.apache.http.impl.execchain.MainClientExec -- Opening connection {}->http://127.0.0.1:5000
17:57:30.501 [main] DEBUG org.apache.http.impl.conn.DefaultHttpClientConnectionOperator -- Connecting to /127.0.0.1:5000
17:57:30.501 [main] DEBUG org.apache.http.impl.conn.DefaultHttpClientConnectionOperator -- Connection established 127.0.0.1:61891<->127.0.0.1:5000
17:57:30.501 [main] DEBUG org.apache.http.impl.conn.DefaultManagedHttpClientConnection -- http-outgoing-0: set socket timeout to 30000
17:57:30.501 [main] DEBUG org.apache.http.impl.execchain.MainClientExec -- Executing request GET / HTTP/1.1
17:57:30.507 [main] DEBUG org.apache.http.impl.execchain.MainClientExec -- Target auth state: UNCHALLENGED
17:57:30.507 [main] DEBUG org.apache.http.impl.execchain.MainClientExec -- Proxy auth state: UNCHALLENGED
17:57:30.508 [main] DEBUG org.apache.http.headers -- http-outgoing-0 >> GET / HTTP/1.1
17:57:30.508 [main] DEBUG org.apache.http.headers -- http-outgoing-0 >> Host: 127.0.0.1:5000
17:57:30.508 [main] DEBUG org.apache.http.headers -- http-outgoing-0 >> Connection: Keep-Alive
17:57:30.508 [main] DEBUG org.apache.http.headers -- http-outgoing-0 >> User-Agent: Apache-HttpClient/4.5.14 (Java/17.0.2)
17:57:30.508 [main] DEBUG org.apache.http.headers -- http-outgoing-0 >> Accept-Encoding: gzip,deflate
17:57:30.508 [main] DEBUG org.apache.http.wire -- http-outgoing-0 >> "GET / HTTP/1.1[\r][\n]"
17:57:30.508 [main] DEBUG org.apache.http.wire -- http-outgoing-0 >> "Host: 127.0.0.1:5000[\r][\n]"
17:57:30.508 [main] DEBUG org.apache.http.wire -- http-outgoing-0 >> "Connection: Keep-Alive[\r][\n]"
17:57:30.508 [main] DEBUG org.apache.http.wire -- http-outgoing-0 >> "User-Agent: Apache-HttpClient/4.5.14 (Java/17.0.2)[\r][\n]"
17:57:30.508 [main] DEBUG org.apache.http.wire -- http-outgoing-0 >> "Accept-Encoding: gzip,deflate[\r][\n]"
17:57:30.508 [main] DEBUG org.apache.http.wire -- http-outgoing-0 >> "[\r][\n]"
17:57:30.510 [main] DEBUG org.apache.http.wire -- http-outgoing-0 << "HTTP/1.1 200 OK[\r][\n]"
17:57:30.510 [main] DEBUG org.apache.http.wire -- http-outgoing-0 << "Server: Werkzeug/3.1.3 Python/3.13.0[\r][\n]"
17:57:30.510 [main] DEBUG org.apache.http.wire -- http-outgoing-0 << "Date: Mon, 03 Nov 2025 21:57:30 GMT[\r][\n]"
17:57:30.510 [main] DEBUG org.apache.http.wire -- http-outgoing-0 << "Content-Type: text/html; charset=utf-8[\r][\n]"
17:57:30.510 [main] DEBUG org.apache.http.wire -- http-outgoing-0 << "Content-Length: 27[\r][\n]"
17:57:30.510 [main] DEBUG org.apache.http.wire -- http-outgoing-0 << "Connection: close[\r][\n]"
17:57:30.510 [main] DEBUG org.apache.http.wire -- http-outgoing-0 << "[\r][\n]"
17:57:30.510 [main] DEBUG org.apache.http.wire -- http-outgoing-0 << "Hello from The Calculator![\n]"
17:57:30.514 [main] DEBUG org.apache.http.headers -- http-outgoing-0 << HTTP/1.1 200 OK
17:57:30.514 [main] DEBUG org.apache.http.headers -- http-outgoing-0 << Server: Werkzeug/3.1.3 Python/3.13.0
17:57:30.514 [main] DEBUG org.apache.http.headers -- http-outgoing-0 << Date: Mon, 03 Nov 2025 21:57:30 GMT
17:57:30.516 [main] DEBUG org.apache.http.headers -- http-outgoing-0 << Content-Type: text/html; charset=utf-8
17:57:30.516 [main] DEBUG org.apache.http.headers -- http-outgoing-0 << Content-Length: 27
17:57:30.516 [main] DEBUG org.apache.http.headers -- http-outgoing-0 << Connection: close
17:57:30.518 [main] DEBUG org.apache.http.impl.conn.DefaultManagedHttpClientConnection -- http-outgoing-0: Close connection
17:57:30.518 [main] DEBUG org.apache.http.impl.execchain.MainClientExec -- Connection discarded
17:57:30.518 [main] DEBUG org.apache.http.impl.conn.PoolingHttpClientConnectionManager -- Connection released: [id: 0][route: {}->http://127.0.0.1:5000][total available: 0; route allocated: 0 of 5; total allocated: 0 of 10]
17:57:30.518 [main] DEBUG org.apache.http.impl.conn.PoolingHttpClientConnectionManager -- Connection manager is shutting down
17:57:30.518 [main] DEBUG org.apache.http.impl.conn.PoolingHttpClientConnectionManager -- Connection manager shut down
17:57:30.518 [main] DEBUG com.intuit.karate -- response time in milliseconds: 48
1 < 200
1 < Server: Werkzeug/3.1.3 Python/3.13.0
1 < Date: Mon, 03 Nov 2025 21:57:30 GMT
1 < Content-Type: text/html; charset=utf-8
1 < Content-Length: 27
1 < Connection: close
Hello from The Calculator!


]]></system-out>
  </testcase>
  <testcase name="[2:9] 2. Prueba se suma de numeros enteros positivos" classname="src/test/features/calculator" time="0.072">
    <system-out><![CDATA[17:57:30.672 [main] DEBUG org.apache.http.client.protocol.RequestAddCookies -- CookieSpec selected: karate
17:57:30.672 [main] DEBUG org.apache.http.client.protocol.RequestAuthCache -- Auth cache not set in the context
17:57:30.672 [main] DEBUG com.intuit.karate -- request:
1 > GET http://127.0.0.1:5000/calc/add/10/7
1 > Host: 127.0.0.1:5000
1 > Connection: Keep-Alive
1 > User-Agent: Apache-HttpClient/4.5.14 (Java/17.0.2)
1 > Accept-Encoding: gzip,deflate


17:57:30.674 [main] DEBUG org.apache.http.impl.conn.PoolingHttpClientConnectionManager -- Connection request: [route: {}->http://127.0.0.1:5000][total available: 0; route allocated: 0 of 5; total allocated: 0 of 10]
17:57:30.674 [main] DEBUG org.apache.http.impl.conn.PoolingHttpClientConnectionManager -- Connection leased: [id: 1][route: {}->http://127.0.0.1:5000][total available: 0; route allocated: 1 of 5; total allocated: 1 of 10]
17:57:30.674 [main] DEBUG org.apache.http.impl.execchain.MainClientExec -- Opening connection {}->http://127.0.0.1:5000
17:57:30.674 [main] DEBUG org.apache.http.impl.conn.DefaultHttpClientConnectionOperator -- Connecting to /127.0.0.1:5000
17:57:30.676 [main] DEBUG org.apache.http.impl.conn.DefaultHttpClientConnectionOperator -- Connection established 127.0.0.1:61892<->127.0.0.1:5000
17:57:30.676 [main] DEBUG org.apache.http.impl.conn.DefaultManagedHttpClientConnection -- http-outgoing-1: set socket timeout to 30000
17:57:30.676 [main] DEBUG org.apache.http.impl.execchain.MainClientExec -- Executing request GET /calc/add/10/7 HTTP/1.1
17:57:30.676 [main] DEBUG org.apache.http.impl.execchain.MainClientExec -- Target auth state: UNCHALLENGED
17:57:30.676 [main] DEBUG org.apache.http.impl.execchain.MainClientExec -- Proxy auth state: UNCHALLENGED
17:57:30.676 [main] DEBUG org.apache.http.headers -- http-outgoing-1 >> GET /calc/add/10/7 HTTP/1.1
17:57:30.676 [main] DEBUG org.apache.http.headers -- http-outgoing-1 >> Host: 127.0.0.1:5000
17:57:30.676 [main] DEBUG org.apache.http.headers -- http-outgoing-1 >> Connection: Keep-Alive
17:57:30.676 [main] DEBUG org.apache.http.headers -- http-outgoing-1 >> User-Agent: Apache-HttpClient/4.5.14 (Java/17.0.2)
17:57:30.676 [main] DEBUG org.apache.http.headers -- http-outgoing-1 >> Accept-Encoding: gzip,deflate
17:57:30.676 [main] DEBUG org.apache.http.wire -- http-outgoing-1 >> "GET /calc/add/10/7 HTTP/1.1[\r][\n]"
17:57:30.676 [main] DEBUG org.apache.http.wire -- http-outgoing-1 >> "Host: 127.0.0.1:5000[\r][\n]"
17:57:30.676 [main] DEBUG org.apache.http.wire -- http-outgoing-1 >> "Connection: Keep-Alive[\r][\n]"
17:57:30.676 [main] DEBUG org.apache.http.wire -- http-outgoing-1 >> "User-Agent: Apache-HttpClient/4.5.14 (Java/17.0.2)[\r][\n]"
17:57:30.676 [main] DEBUG org.apache.http.wire -- http-outgoing-1 >> "Accept-Encoding: gzip,deflate[\r][\n]"
17:57:30.676 [main] DEBUG org.apache.http.wire -- http-outgoing-1 >> "[\r][\n]"
17:57:30.678 [main] DEBUG org.apache.http.wire -- http-outgoing-1 << "HTTP/1.1 200 OK[\r][\n]"
17:57:30.678 [main] DEBUG org.apache.http.wire -- http-outgoing-1 << "Server: Werkzeug/3.1.3 Python/3.13.0[\r][\n]"
17:57:30.678 [main] DEBUG org.apache.http.wire -- http-outgoing-1 << "Date: Mon, 03 Nov 2025 21:57:30 GMT[\r][\n]"
17:57:30.678 [main] DEBUG org.apache.http.wire -- http-outgoing-1 << "Content-Type: text/plain[\r][\n]"
17:57:30.678 [main] DEBUG org.apache.http.wire -- http-outgoing-1 << "Access-Control-Allow-Origin: *[\r][\n]"
17:57:30.678 [main] DEBUG org.apache.http.wire -- http-outgoing-1 << "Content-Length: 2[\r][\n]"
17:57:30.678 [main] DEBUG org.apache.http.wire -- http-outgoing-1 << "Connection: close[\r][\n]"
17:57:30.678 [main] DEBUG org.apache.http.wire -- http-outgoing-1 << "[\r][\n]"
17:57:30.678 [main] DEBUG org.apache.http.headers -- http-outgoing-1 << HTTP/1.1 200 OK
17:57:30.678 [main] DEBUG org.apache.http.headers -- http-outgoing-1 << Server: Werkzeug/3.1.3 Python/3.13.0
17:57:30.678 [main] DEBUG org.apache.http.headers -- http-outgoing-1 << Date: Mon, 03 Nov 2025 21:57:30 GMT
17:57:30.678 [main] DEBUG org.apache.http.headers -- http-outgoing-1 << Content-Type: text/plain
17:57:30.680 [main] DEBUG org.apache.http.headers -- http-outgoing-1 << Access-Control-Allow-Origin: *
17:57:30.680 [main] DEBUG org.apache.http.headers -- http-outgoing-1 << Content-Length: 2
17:57:30.680 [main] DEBUG org.apache.http.headers -- http-outgoing-1 << Connection: close
17:57:30.680 [main] DEBUG org.apache.http.wire -- http-outgoing-1 << "17"
17:57:30.680 [main] DEBUG org.apache.http.impl.conn.DefaultManagedHttpClientConnection -- http-outgoing-1: Close connection
17:57:30.680 [main] DEBUG org.apache.http.impl.execchain.MainClientExec -- Connection discarded
17:57:30.680 [main] DEBUG org.apache.http.impl.conn.PoolingHttpClientConnectionManager -- Connection released: [id: 1][route: {}->http://127.0.0.1:5000][total available: 0; route allocated: 0 of 5; total allocated: 0 of 10]
17:57:30.680 [main] DEBUG org.apache.http.impl.conn.PoolingHttpClientConnectionManager -- Connection manager is shutting down
17:57:30.680 [main] DEBUG org.apache.http.impl.conn.PoolingHttpClientConnectionManager -- Connection manager shut down
17:57:30.682 [main] DEBUG com.intuit.karate -- response time in milliseconds: 6
1 < 200
1 < Server: Werkzeug/3.1.3 Python/3.13.0
1 < Date: Mon, 03 Nov 2025 21:57:30 GMT
1 < Content-Type: text/plain
1 < Access-Control-Allow-Origin: *
1 < Content-Length: 2
1 < Connection: close
17

]]></system-out>
  </testcase>
  <testcase name="[3:15] 3. Prueba de resta con numeros enteros positivos" classname="src/test/features/calculator" time="0.045">
    <system-out><![CDATA[17:57:30.715 [main] DEBUG org.apache.http.client.protocol.RequestAddCookies -- CookieSpec selected: karate
17:57:30.715 [main] DEBUG org.apache.http.client.protocol.RequestAuthCache -- Auth cache not set in the context
17:57:30.717 [main] DEBUG com.intuit.karate -- request:
1 > GET http://127.0.0.1:5000/calc/substract/12/9
1 > Host: 127.0.0.1:5000
1 > Connection: Keep-Alive
1 > User-Agent: Apache-HttpClient/4.5.14 (Java/17.0.2)
1 > Accept-Encoding: gzip,deflate


17:57:30.717 [main] DEBUG org.apache.http.impl.conn.PoolingHttpClientConnectionManager -- Connection request: [route: {}->http://127.0.0.1:5000][total available: 0; route allocated: 0 of 5; total allocated: 0 of 10]
17:57:30.717 [main] DEBUG org.apache.http.impl.conn.PoolingHttpClientConnectionManager -- Connection leased: [id: 2][route: {}->http://127.0.0.1:5000][total available: 0; route allocated: 1 of 5; total allocated: 1 of 10]
17:57:30.717 [main] DEBUG org.apache.http.impl.execchain.MainClientExec -- Opening connection {}->http://127.0.0.1:5000
17:57:30.717 [main] DEBUG org.apache.http.impl.conn.DefaultHttpClientConnectionOperator -- Connecting to /127.0.0.1:5000
17:57:30.717 [main] DEBUG org.apache.http.impl.conn.DefaultHttpClientConnectionOperator -- Connection established 127.0.0.1:61893<->127.0.0.1:5000
17:57:30.717 [main] DEBUG org.apache.http.impl.conn.DefaultManagedHttpClientConnection -- http-outgoing-2: set socket timeout to 30000
17:57:30.717 [main] DEBUG org.apache.http.impl.execchain.MainClientExec -- Executing request GET /calc/substract/12/9 HTTP/1.1
17:57:30.717 [main] DEBUG org.apache.http.impl.execchain.MainClientExec -- Target auth state: UNCHALLENGED
17:57:30.717 [main] DEBUG org.apache.http.impl.execchain.MainClientExec -- Proxy auth state: UNCHALLENGED
17:57:30.717 [main] DEBUG org.apache.http.headers -- http-outgoing-2 >> GET /calc/substract/12/9 HTTP/1.1
17:57:30.717 [main] DEBUG org.apache.http.headers -- http-outgoing-2 >> Host: 127.0.0.1:5000
17:57:30.717 [main] DEBUG org.apache.http.headers -- http-outgoing-2 >> Connection: Keep-Alive
17:57:30.717 [main] DEBUG org.apache.http.headers -- http-outgoing-2 >> User-Agent: Apache-HttpClient/4.5.14 (Java/17.0.2)
17:57:30.717 [main] DEBUG org.apache.http.headers -- http-outgoing-2 >> Accept-Encoding: gzip,deflate
17:57:30.717 [main] DEBUG org.apache.http.wire -- http-outgoing-2 >> "GET /calc/substract/12/9 HTTP/1.1[\r][\n]"
17:57:30.717 [main] DEBUG org.apache.http.wire -- http-outgoing-2 >> "Host: 127.0.0.1:5000[\r][\n]"
17:57:30.717 [main] DEBUG org.apache.http.wire -- http-outgoing-2 >> "Connection: Keep-Alive[\r][\n]"
17:57:30.717 [main] DEBUG org.apache.http.wire -- http-outgoing-2 >> "User-Agent: Apache-HttpClient/4.5.14 (Java/17.0.2)[\r][\n]"
17:57:30.717 [main] DEBUG org.apache.http.wire -- http-outgoing-2 >> "Accept-Encoding: gzip,deflate[\r][\n]"
17:57:30.717 [main] DEBUG org.apache.http.wire -- http-outgoing-2 >> "[\r][\n]"
17:57:30.721 [main] DEBUG org.apache.http.wire -- http-outgoing-2 << "HTTP/1.1 200 OK[\r][\n]"
17:57:30.723 [main] DEBUG org.apache.http.wire -- http-outgoing-2 << "Server: Werkzeug/3.1.3 Python/3.13.0[\r][\n]"
17:57:30.723 [main] DEBUG org.apache.http.wire -- http-outgoing-2 << "Date: Mon, 03 Nov 2025 21:57:30 GMT[\r][\n]"
17:57:30.723 [main] DEBUG org.apache.http.wire -- http-outgoing-2 << "Content-Type: text/plain[\r][\n]"
17:57:30.723 [main] DEBUG org.apache.http.wire -- http-outgoing-2 << "Access-Control-Allow-Origin: *[\r][\n]"
17:57:30.723 [main] DEBUG org.apache.http.wire -- http-outgoing-2 << "Content-Length: 1[\r][\n]"
17:57:30.723 [main] DEBUG org.apache.http.wire -- http-outgoing-2 << "Connection: close[\r][\n]"
17:57:30.723 [main] DEBUG org.apache.http.wire -- http-outgoing-2 << "[\r][\n]"
17:57:30.723 [main] DEBUG org.apache.http.wire -- http-outgoing-2 << "3"
17:57:30.723 [main] DEBUG org.apache.http.headers -- http-outgoing-2 << HTTP/1.1 200 OK
17:57:30.723 [main] DEBUG org.apache.http.headers -- http-outgoing-2 << Server: Werkzeug/3.1.3 Python/3.13.0
17:57:30.723 [main] DEBUG org.apache.http.headers -- http-outgoing-2 << Date: Mon, 03 Nov 2025 21:57:30 GMT
17:57:30.723 [main] DEBUG org.apache.http.headers -- http-outgoing-2 << Content-Type: text/plain
17:57:30.723 [main] DEBUG org.apache.http.headers -- http-outgoing-2 << Access-Control-Allow-Origin: *
17:57:30.723 [main] DEBUG org.apache.http.headers -- http-outgoing-2 << Content-Length: 1
17:57:30.723 [main] DEBUG org.apache.http.headers -- http-outgoing-2 << Connection: close
17:57:30.725 [main] DEBUG org.apache.http.impl.conn.DefaultManagedHttpClientConnection -- http-outgoing-2: Close connection
17:57:30.725 [main] DEBUG org.apache.http.impl.execchain.MainClientExec -- Connection discarded
17:57:30.725 [main] DEBUG org.apache.http.impl.conn.PoolingHttpClientConnectionManager -- Connection released: [id: 2][route: {}->http://127.0.0.1:5000][total available: 0; route allocated: 0 of 5; total allocated: 0 of 10]
17:57:30.725 [main] DEBUG org.apache.http.impl.conn.PoolingHttpClientConnectionManager -- Connection manager is shutting down
17:57:30.725 [main] DEBUG org.apache.http.impl.conn.PoolingHttpClientConnectionManager -- Connection manager shut down
17:57:30.725 [main] DEBUG com.intuit.karate -- response time in milliseconds: 8
1 < 200
1 < Server: Werkzeug/3.1.3 Python/3.13.0
1 < Date: Mon, 03 Nov 2025 21:57:30 GMT
1 < Content-Type: text/plain
1 < Access-Control-Allow-Origin: *
1 < Content-Length: 1
1 < Connection: close
3

]]></system-out>
  </testcase>
  <testcase name="[4.1:29] 4. Sumas con numeros negativos y decimales" classname="src/test/features/calculator" time="0.039">
    <system-out><![CDATA[17:57:30.760 [main] DEBUG org.apache.http.client.protocol.RequestAddCookies -- CookieSpec selected: karate
17:57:30.761 [main] DEBUG org.apache.http.client.protocol.RequestAuthCache -- Auth cache not set in the context
17:57:30.761 [main] DEBUG com.intuit.karate -- request:
1 > GET http://127.0.0.1:5000/calc/add/10/-5
1 > Host: 127.0.0.1:5000
1 > Connection: Keep-Alive
1 > User-Agent: Apache-HttpClient/4.5.14 (Java/17.0.2)
1 > Accept-Encoding: gzip,deflate


17:57:30.761 [main] DEBUG org.apache.http.impl.conn.PoolingHttpClientConnectionManager -- Connection request: [route: {}->http://127.0.0.1:5000][total available: 0; route allocated: 0 of 5; total allocated: 0 of 10]
17:57:30.761 [main] DEBUG org.apache.http.impl.conn.PoolingHttpClientConnectionManager -- Connection leased: [id: 3][route: {}->http://127.0.0.1:5000][total available: 0; route allocated: 1 of 5; total allocated: 1 of 10]
17:57:30.761 [main] DEBUG org.apache.http.impl.execchain.MainClientExec -- Opening connection {}->http://127.0.0.1:5000
17:57:30.761 [main] DEBUG org.apache.http.impl.conn.DefaultHttpClientConnectionOperator -- Connecting to /127.0.0.1:5000
17:57:30.761 [main] DEBUG org.apache.http.impl.conn.DefaultHttpClientConnectionOperator -- Connection established 127.0.0.1:61894<->127.0.0.1:5000
17:57:30.761 [main] DEBUG org.apache.http.impl.conn.DefaultManagedHttpClientConnection -- http-outgoing-3: set socket timeout to 30000
17:57:30.761 [main] DEBUG org.apache.http.impl.execchain.MainClientExec -- Executing request GET /calc/add/10/-5 HTTP/1.1
17:57:30.761 [main] DEBUG org.apache.http.impl.execchain.MainClientExec -- Target auth state: UNCHALLENGED
17:57:30.761 [main] DEBUG org.apache.http.impl.execchain.MainClientExec -- Proxy auth state: UNCHALLENGED
17:57:30.761 [main] DEBUG org.apache.http.headers -- http-outgoing-3 >> GET /calc/add/10/-5 HTTP/1.1
17:57:30.761 [main] DEBUG org.apache.http.headers -- http-outgoing-3 >> Host: 127.0.0.1:5000
17:57:30.761 [main] DEBUG org.apache.http.headers -- http-outgoing-3 >> Connection: Keep-Alive
17:57:30.761 [main] DEBUG org.apache.http.headers -- http-outgoing-3 >> User-Agent: Apache-HttpClient/4.5.14 (Java/17.0.2)
17:57:30.761 [main] DEBUG org.apache.http.headers -- http-outgoing-3 >> Accept-Encoding: gzip,deflate
17:57:30.761 [main] DEBUG org.apache.http.wire -- http-outgoing-3 >> "GET /calc/add/10/-5 HTTP/1.1[\r][\n]"
17:57:30.761 [main] DEBUG org.apache.http.wire -- http-outgoing-3 >> "Host: 127.0.0.1:5000[\r][\n]"
17:57:30.761 [main] DEBUG org.apache.http.wire -- http-outgoing-3 >> "Connection: Keep-Alive[\r][\n]"
17:57:30.761 [main] DEBUG org.apache.http.wire -- http-outgoing-3 >> "User-Agent: Apache-HttpClient/4.5.14 (Java/17.0.2)[\r][\n]"
17:57:30.761 [main] DEBUG org.apache.http.wire -- http-outgoing-3 >> "Accept-Encoding: gzip,deflate[\r][\n]"
17:57:30.761 [main] DEBUG org.apache.http.wire -- http-outgoing-3 >> "[\r][\n]"
17:57:30.764 [main] DEBUG org.apache.http.wire -- http-outgoing-3 << "HTTP/1.1 200 OK[\r][\n]"
17:57:30.764 [main] DEBUG org.apache.http.wire -- http-outgoing-3 << "Server: Werkzeug/3.1.3 Python/3.13.0[\r][\n]"
17:57:30.764 [main] DEBUG org.apache.http.wire -- http-outgoing-3 << "Date: Mon, 03 Nov 2025 21:57:30 GMT[\r][\n]"
17:57:30.764 [main] DEBUG org.apache.http.wire -- http-outgoing-3 << "Content-Type: text/plain[\r][\n]"
17:57:30.764 [main] DEBUG org.apache.http.wire -- http-outgoing-3 << "Access-Control-Allow-Origin: *[\r][\n]"
17:57:30.764 [main] DEBUG org.apache.http.wire -- http-outgoing-3 << "Content-Length: 1[\r][\n]"
17:57:30.764 [main] DEBUG org.apache.http.wire -- http-outgoing-3 << "Connection: close[\r][\n]"
17:57:30.764 [main] DEBUG org.apache.http.wire -- http-outgoing-3 << "[\r][\n]"
17:57:30.764 [main] DEBUG org.apache.http.headers -- http-outgoing-3 << HTTP/1.1 200 OK
17:57:30.764 [main] DEBUG org.apache.http.headers -- http-outgoing-3 << Server: Werkzeug/3.1.3 Python/3.13.0
17:57:30.764 [main] DEBUG org.apache.http.headers -- http-outgoing-3 << Date: Mon, 03 Nov 2025 21:57:30 GMT
17:57:30.764 [main] DEBUG org.apache.http.headers -- http-outgoing-3 << Content-Type: text/plain
17:57:30.764 [main] DEBUG org.apache.http.headers -- http-outgoing-3 << Access-Control-Allow-Origin: *
17:57:30.764 [main] DEBUG org.apache.http.headers -- http-outgoing-3 << Content-Length: 1
17:57:30.764 [main] DEBUG org.apache.http.headers -- http-outgoing-3 << Connection: close
17:57:30.764 [main] DEBUG org.apache.http.wire -- http-outgoing-3 << "5"
17:57:30.764 [main] DEBUG org.apache.http.impl.conn.DefaultManagedHttpClientConnection -- http-outgoing-3: Close connection
17:57:30.767 [main] DEBUG org.apache.http.impl.execchain.MainClientExec -- Connection discarded
17:57:30.767 [main] DEBUG org.apache.http.impl.conn.PoolingHttpClientConnectionManager -- Connection released: [id: 3][route: {}->http://127.0.0.1:5000][total available: 0; route allocated: 0 of 5; total allocated: 0 of 10]
17:57:30.768 [main] DEBUG org.apache.http.impl.conn.PoolingHttpClientConnectionManager -- Connection manager is shutting down
17:57:30.768 [main] DEBUG org.apache.http.impl.conn.PoolingHttpClientConnectionManager -- Connection manager shut down
17:57:30.768 [main] DEBUG com.intuit.karate -- response time in milliseconds: 6
1 < 200
1 < Server: Werkzeug/3.1.3 Python/3.13.0
1 < Date: Mon, 03 Nov 2025 21:57:30 GMT
1 < Content-Type: text/plain
1 < Access-Control-Allow-Origin: *
1 < Content-Length: 1
1 < Connection: close
5

]]></system-out>
  </testcase>
  <testcase name="[4.2:30] 4. Sumas con numeros negativos y decimales" classname="src/test/features/calculator" time="0.036">
    <system-out><![CDATA[17:57:30.801 [main] DEBUG org.apache.http.client.protocol.RequestAddCookies -- CookieSpec selected: karate
17:57:30.801 [main] DEBUG org.apache.http.client.protocol.RequestAuthCache -- Auth cache not set in the context
17:57:30.801 [main] DEBUG com.intuit.karate -- request:
1 > GET http://127.0.0.1:5000/calc/add/-10/-5
1 > Host: 127.0.0.1:5000
1 > Connection: Keep-Alive
1 > User-Agent: Apache-HttpClient/4.5.14 (Java/17.0.2)
1 > Accept-Encoding: gzip,deflate


17:57:30.803 [main] DEBUG org.apache.http.impl.conn.PoolingHttpClientConnectionManager -- Connection request: [route: {}->http://127.0.0.1:5000][total available: 0; route allocated: 0 of 5; total allocated: 0 of 10]
17:57:30.803 [main] DEBUG org.apache.http.impl.conn.PoolingHttpClientConnectionManager -- Connection leased: [id: 4][route: {}->http://127.0.0.1:5000][total available: 0; route allocated: 1 of 5; total allocated: 1 of 10]
17:57:30.803 [main] DEBUG org.apache.http.impl.execchain.MainClientExec -- Opening connection {}->http://127.0.0.1:5000
17:57:30.803 [main] DEBUG org.apache.http.impl.conn.DefaultHttpClientConnectionOperator -- Connecting to /127.0.0.1:5000
17:57:30.805 [main] DEBUG org.apache.http.impl.conn.DefaultHttpClientConnectionOperator -- Connection established 127.0.0.1:61895<->127.0.0.1:5000
17:57:30.805 [main] DEBUG org.apache.http.impl.conn.DefaultManagedHttpClientConnection -- http-outgoing-4: set socket timeout to 30000
17:57:30.805 [main] DEBUG org.apache.http.impl.execchain.MainClientExec -- Executing request GET /calc/add/-10/-5 HTTP/1.1
17:57:30.805 [main] DEBUG org.apache.http.impl.execchain.MainClientExec -- Target auth state: UNCHALLENGED
17:57:30.805 [main] DEBUG org.apache.http.impl.execchain.MainClientExec -- Proxy auth state: UNCHALLENGED
17:57:30.805 [main] DEBUG org.apache.http.headers -- http-outgoing-4 >> GET /calc/add/-10/-5 HTTP/1.1
17:57:30.805 [main] DEBUG org.apache.http.headers -- http-outgoing-4 >> Host: 127.0.0.1:5000
17:57:30.805 [main] DEBUG org.apache.http.headers -- http-outgoing-4 >> Connection: Keep-Alive
17:57:30.805 [main] DEBUG org.apache.http.headers -- http-outgoing-4 >> User-Agent: Apache-HttpClient/4.5.14 (Java/17.0.2)
17:57:30.805 [main] DEBUG org.apache.http.headers -- http-outgoing-4 >> Accept-Encoding: gzip,deflate
17:57:30.805 [main] DEBUG org.apache.http.wire -- http-outgoing-4 >> "GET /calc/add/-10/-5 HTTP/1.1[\r][\n]"
17:57:30.805 [main] DEBUG org.apache.http.wire -- http-outgoing-4 >> "Host: 127.0.0.1:5000[\r][\n]"
17:57:30.805 [main] DEBUG org.apache.http.wire -- http-outgoing-4 >> "Connection: Keep-Alive[\r][\n]"
17:57:30.805 [main] DEBUG org.apache.http.wire -- http-outgoing-4 >> "User-Agent: Apache-HttpClient/4.5.14 (Java/17.0.2)[\r][\n]"
17:57:30.805 [main] DEBUG org.apache.http.wire -- http-outgoing-4 >> "Accept-Encoding: gzip,deflate[\r][\n]"
17:57:30.805 [main] DEBUG org.apache.http.wire -- http-outgoing-4 >> "[\r][\n]"
17:57:30.810 [main] DEBUG org.apache.http.wire -- http-outgoing-4 << "HTTP/1.1 200 OK[\r][\n]"
17:57:30.810 [main] DEBUG org.apache.http.wire -- http-outgoing-4 << "Server: Werkzeug/3.1.3 Python/3.13.0[\r][\n]"
17:57:30.810 [main] DEBUG org.apache.http.wire -- http-outgoing-4 << "Date: Mon, 03 Nov 2025 21:57:30 GMT[\r][\n]"
17:57:30.810 [main] DEBUG org.apache.http.wire -- http-outgoing-4 << "Content-Type: text/plain[\r][\n]"
17:57:30.810 [main] DEBUG org.apache.http.wire -- http-outgoing-4 << "Access-Control-Allow-Origin: *[\r][\n]"
17:57:30.810 [main] DEBUG org.apache.http.wire -- http-outgoing-4 << "Content-Length: 3[\r][\n]"
17:57:30.810 [main] DEBUG org.apache.http.wire -- http-outgoing-4 << "Connection: close[\r][\n]"
17:57:30.810 [main] DEBUG org.apache.http.wire -- http-outgoing-4 << "[\r][\n]"
17:57:30.810 [main] DEBUG org.apache.http.headers -- http-outgoing-4 << HTTP/1.1 200 OK
17:57:30.810 [main] DEBUG org.apache.http.headers -- http-outgoing-4 << Server: Werkzeug/3.1.3 Python/3.13.0
17:57:30.810 [main] DEBUG org.apache.http.headers -- http-outgoing-4 << Date: Mon, 03 Nov 2025 21:57:30 GMT
17:57:30.811 [main] DEBUG org.apache.http.headers -- http-outgoing-4 << Content-Type: text/plain
17:57:30.811 [main] DEBUG org.apache.http.headers -- http-outgoing-4 << Access-Control-Allow-Origin: *
17:57:30.811 [main] DEBUG org.apache.http.headers -- http-outgoing-4 << Content-Length: 3
17:57:30.811 [main] DEBUG org.apache.http.headers -- http-outgoing-4 << Connection: close
17:57:30.811 [main] DEBUG org.apache.http.wire -- http-outgoing-4 << "-15"
17:57:30.811 [main] DEBUG org.apache.http.impl.conn.DefaultManagedHttpClientConnection -- http-outgoing-4: Close connection
17:57:30.811 [main] DEBUG org.apache.http.impl.execchain.MainClientExec -- Connection discarded
17:57:30.811 [main] DEBUG org.apache.http.impl.conn.PoolingHttpClientConnectionManager -- Connection released: [id: 4][route: {}->http://127.0.0.1:5000][total available: 0; route allocated: 0 of 5; total allocated: 0 of 10]
17:57:30.811 [main] DEBUG org.apache.http.impl.conn.PoolingHttpClientConnectionManager -- Connection manager is shutting down
17:57:30.812 [main] DEBUG org.apache.http.impl.conn.PoolingHttpClientConnectionManager -- Connection manager shut down
17:57:30.812 [main] DEBUG com.intuit.karate -- response time in milliseconds: 8
1 < 200
1 < Server: Werkzeug/3.1.3 Python/3.13.0
1 < Date: Mon, 03 Nov 2025 21:57:30 GMT
1 < Content-Type: text/plain
1 < Access-Control-Allow-Origin: *
1 < Content-Length: 3
1 < Connection: close
-15

]]></system-out>
  </testcase>
  <testcase name="[4.3:31] 4. Sumas con numeros negativos y decimales" classname="src/test/features/calculator" time="0.033">
    <system-out><![CDATA[17:57:30.840 [main] DEBUG org.apache.http.client.protocol.RequestAddCookies -- CookieSpec selected: karate
17:57:30.841 [main] DEBUG org.apache.http.client.protocol.RequestAuthCache -- Auth cache not set in the context
17:57:30.841 [main] DEBUG com.intuit.karate -- request:
1 > GET http://127.0.0.1:5000/calc/add/8/-8
1 > Host: 127.0.0.1:5000
1 > Connection: Keep-Alive
1 > User-Agent: Apache-HttpClient/4.5.14 (Java/17.0.2)
1 > Accept-Encoding: gzip,deflate


17:57:30.841 [main] DEBUG org.apache.http.impl.conn.PoolingHttpClientConnectionManager -- Connection request: [route: {}->http://127.0.0.1:5000][total available: 0; route allocated: 0 of 5; total allocated: 0 of 10]
17:57:30.841 [main] DEBUG org.apache.http.impl.conn.PoolingHttpClientConnectionManager -- Connection leased: [id: 5][route: {}->http://127.0.0.1:5000][total available: 0; route allocated: 1 of 5; total allocated: 1 of 10]
17:57:30.841 [main] DEBUG org.apache.http.impl.execchain.MainClientExec -- Opening connection {}->http://127.0.0.1:5000
17:57:30.841 [main] DEBUG org.apache.http.impl.conn.DefaultHttpClientConnectionOperator -- Connecting to /127.0.0.1:5000
17:57:30.843 [main] DEBUG org.apache.http.impl.conn.DefaultHttpClientConnectionOperator -- Connection established 127.0.0.1:61896<->127.0.0.1:5000
17:57:30.843 [main] DEBUG org.apache.http.impl.conn.DefaultManagedHttpClientConnection -- http-outgoing-5: set socket timeout to 30000
17:57:30.843 [main] DEBUG org.apache.http.impl.execchain.MainClientExec -- Executing request GET /calc/add/8/-8 HTTP/1.1
17:57:30.843 [main] DEBUG org.apache.http.impl.execchain.MainClientExec -- Target auth state: UNCHALLENGED
17:57:30.843 [main] DEBUG org.apache.http.impl.execchain.MainClientExec -- Proxy auth state: UNCHALLENGED
17:57:30.843 [main] DEBUG org.apache.http.headers -- http-outgoing-5 >> GET /calc/add/8/-8 HTTP/1.1
17:57:30.843 [main] DEBUG org.apache.http.headers -- http-outgoing-5 >> Host: 127.0.0.1:5000
17:57:30.843 [main] DEBUG org.apache.http.headers -- http-outgoing-5 >> Connection: Keep-Alive
17:57:30.843 [main] DEBUG org.apache.http.headers -- http-outgoing-5 >> User-Agent: Apache-HttpClient/4.5.14 (Java/17.0.2)
17:57:30.843 [main] DEBUG org.apache.http.headers -- http-outgoing-5 >> Accept-Encoding: gzip,deflate
17:57:30.843 [main] DEBUG org.apache.http.wire -- http-outgoing-5 >> "GET /calc/add/8/-8 HTTP/1.1[\r][\n]"
17:57:30.843 [main] DEBUG org.apache.http.wire -- http-outgoing-5 >> "Host: 127.0.0.1:5000[\r][\n]"
17:57:30.843 [main] DEBUG org.apache.http.wire -- http-outgoing-5 >> "Connection: Keep-Alive[\r][\n]"
17:57:30.843 [main] DEBUG org.apache.http.wire -- http-outgoing-5 >> "User-Agent: Apache-HttpClient/4.5.14 (Java/17.0.2)[\r][\n]"
17:57:30.843 [main] DEBUG org.apache.http.wire -- http-outgoing-5 >> "Accept-Encoding: gzip,deflate[\r][\n]"
17:57:30.843 [main] DEBUG org.apache.http.wire -- http-outgoing-5 >> "[\r][\n]"
17:57:30.845 [main] DEBUG org.apache.http.wire -- http-outgoing-5 << "HTTP/1.1 200 OK[\r][\n]"
17:57:30.845 [main] DEBUG org.apache.http.wire -- http-outgoing-5 << "Server: Werkzeug/3.1.3 Python/3.13.0[\r][\n]"
17:57:30.845 [main] DEBUG org.apache.http.wire -- http-outgoing-5 << "Date: Mon, 03 Nov 2025 21:57:30 GMT[\r][\n]"
17:57:30.845 [main] DEBUG org.apache.http.wire -- http-outgoing-5 << "Content-Type: text/plain[\r][\n]"
17:57:30.845 [main] DEBUG org.apache.http.wire -- http-outgoing-5 << "Access-Control-Allow-Origin: *[\r][\n]"
17:57:30.845 [main] DEBUG org.apache.http.wire -- http-outgoing-5 << "Content-Length: 1[\r][\n]"
17:57:30.845 [main] DEBUG org.apache.http.wire -- http-outgoing-5 << "Connection: close[\r][\n]"
17:57:30.845 [main] DEBUG org.apache.http.wire -- http-outgoing-5 << "[\r][\n]"
17:57:30.847 [main] DEBUG org.apache.http.headers -- http-outgoing-5 << HTTP/1.1 200 OK
17:57:30.847 [main] DEBUG org.apache.http.headers -- http-outgoing-5 << Server: Werkzeug/3.1.3 Python/3.13.0
17:57:30.847 [main] DEBUG org.apache.http.headers -- http-outgoing-5 << Date: Mon, 03 Nov 2025 21:57:30 GMT
17:57:30.847 [main] DEBUG org.apache.http.headers -- http-outgoing-5 << Content-Type: text/plain
17:57:30.847 [main] DEBUG org.apache.http.headers -- http-outgoing-5 << Access-Control-Allow-Origin: *
17:57:30.847 [main] DEBUG org.apache.http.headers -- http-outgoing-5 << Content-Length: 1
17:57:30.847 [main] DEBUG org.apache.http.headers -- http-outgoing-5 << Connection: close
17:57:30.847 [main] DEBUG org.apache.http.wire -- http-outgoing-5 << "0"
17:57:30.847 [main] DEBUG org.apache.http.impl.conn.DefaultManagedHttpClientConnection -- http-outgoing-5: Close connection
17:57:30.847 [main] DEBUG org.apache.http.impl.execchain.MainClientExec -- Connection discarded
17:57:30.847 [main] DEBUG org.apache.http.impl.conn.PoolingHttpClientConnectionManager -- Connection released: [id: 5][route: {}->http://127.0.0.1:5000][total available: 0; route allocated: 0 of 5; total allocated: 0 of 10]
17:57:30.847 [main] DEBUG org.apache.http.impl.conn.PoolingHttpClientConnectionManager -- Connection manager is shutting down
17:57:30.847 [main] DEBUG org.apache.http.impl.conn.PoolingHttpClientConnectionManager -- Connection manager shut down
17:57:30.847 [main] DEBUG com.intuit.karate -- response time in milliseconds: 6
1 < 200
1 < Server: Werkzeug/3.1.3 Python/3.13.0
1 < Date: Mon, 03 Nov 2025 21:57:30 GMT
1 < Content-Type: text/plain
1 < Access-Control-Allow-Origin: *
1 < Content-Length: 1
1 < Connection: close
0

]]></system-out>
  </testcase>
  <testcase name="[4.4:32] 4. Sumas con numeros negativos y decimales" classname="src/test/features/calculator" time="0.029">
    <system-out><![CDATA[17:57:30.873 [main] DEBUG org.apache.http.client.protocol.RequestAddCookies -- CookieSpec selected: karate
17:57:30.873 [main] DEBUG org.apache.http.client.protocol.RequestAuthCache -- Auth cache not set in the context
17:57:30.873 [main] DEBUG com.intuit.karate -- request:
1 > GET http://127.0.0.1:5000/calc/add/-20/-4
1 > Host: 127.0.0.1:5000
1 > Connection: Keep-Alive
1 > User-Agent: Apache-HttpClient/4.5.14 (Java/17.0.2)
1 > Accept-Encoding: gzip,deflate


17:57:30.873 [main] DEBUG org.apache.http.impl.conn.PoolingHttpClientConnectionManager -- Connection request: [route: {}->http://127.0.0.1:5000][total available: 0; route allocated: 0 of 5; total allocated: 0 of 10]
17:57:30.873 [main] DEBUG org.apache.http.impl.conn.PoolingHttpClientConnectionManager -- Connection leased: [id: 6][route: {}->http://127.0.0.1:5000][total available: 0; route allocated: 1 of 5; total allocated: 1 of 10]
17:57:30.875 [main] DEBUG org.apache.http.impl.execchain.MainClientExec -- Opening connection {}->http://127.0.0.1:5000
17:57:30.875 [main] DEBUG org.apache.http.impl.conn.DefaultHttpClientConnectionOperator -- Connecting to /127.0.0.1:5000
17:57:30.875 [main] DEBUG org.apache.http.impl.conn.DefaultHttpClientConnectionOperator -- Connection established 127.0.0.1:61897<->127.0.0.1:5000
17:57:30.875 [main] DEBUG org.apache.http.impl.conn.DefaultManagedHttpClientConnection -- http-outgoing-6: set socket timeout to 30000
17:57:30.876 [main] DEBUG org.apache.http.impl.execchain.MainClientExec -- Executing request GET /calc/add/-20/-4 HTTP/1.1
17:57:30.876 [main] DEBUG org.apache.http.impl.execchain.MainClientExec -- Target auth state: UNCHALLENGED
17:57:30.876 [main] DEBUG org.apache.http.impl.execchain.MainClientExec -- Proxy auth state: UNCHALLENGED
17:57:30.876 [main] DEBUG org.apache.http.headers -- http-outgoing-6 >> GET /calc/add/-20/-4 HTTP/1.1
17:57:30.876 [main] DEBUG org.apache.http.headers -- http-outgoing-6 >> Host: 127.0.0.1:5000
17:57:30.876 [main] DEBUG org.apache.http.headers -- http-outgoing-6 >> Connection: Keep-Alive
17:57:30.876 [main] DEBUG org.apache.http.headers -- http-outgoing-6 >> User-Agent: Apache-HttpClient/4.5.14 (Java/17.0.2)
17:57:30.876 [main] DEBUG org.apache.http.headers -- http-outgoing-6 >> Accept-Encoding: gzip,deflate
17:57:30.876 [main] DEBUG org.apache.http.wire -- http-outgoing-6 >> "GET /calc/add/-20/-4 HTTP/1.1[\r][\n]"
17:57:30.876 [main] DEBUG org.apache.http.wire -- http-outgoing-6 >> "Host: 127.0.0.1:5000[\r][\n]"
17:57:30.876 [main] DEBUG org.apache.http.wire -- http-outgoing-6 >> "Connection: Keep-Alive[\r][\n]"
17:57:30.876 [main] DEBUG org.apache.http.wire -- http-outgoing-6 >> "User-Agent: Apache-HttpClient/4.5.14 (Java/17.0.2)[\r][\n]"
17:57:30.876 [main] DEBUG org.apache.http.wire -- http-outgoing-6 >> "Accept-Encoding: gzip,deflate[\r][\n]"
17:57:30.876 [main] DEBUG org.apache.http.wire -- http-outgoing-6 >> "[\r][\n]"
17:57:30.878 [main] DEBUG org.apache.http.wire -- http-outgoing-6 << "HTTP/1.1 200 OK[\r][\n]"
17:57:30.878 [main] DEBUG org.apache.http.wire -- http-outgoing-6 << "Server: Werkzeug/3.1.3 Python/3.13.0[\r][\n]"
17:57:30.878 [main] DEBUG org.apache.http.wire -- http-outgoing-6 << "Date: Mon, 03 Nov 2025 21:57:30 GMT[\r][\n]"
17:57:30.878 [main] DEBUG org.apache.http.wire -- http-outgoing-6 << "Content-Type: text/plain[\r][\n]"
17:57:30.878 [main] DEBUG org.apache.http.wire -- http-outgoing-6 << "Access-Control-Allow-Origin: *[\r][\n]"
17:57:30.878 [main] DEBUG org.apache.http.wire -- http-outgoing-6 << "Content-Length: 3[\r][\n]"
17:57:30.878 [main] DEBUG org.apache.http.wire -- http-outgoing-6 << "Connection: close[\r][\n]"
17:57:30.878 [main] DEBUG org.apache.http.wire -- http-outgoing-6 << "[\r][\n]"
17:57:30.878 [main] DEBUG org.apache.http.headers -- http-outgoing-6 << HTTP/1.1 200 OK
17:57:30.878 [main] DEBUG org.apache.http.headers -- http-outgoing-6 << Server: Werkzeug/3.1.3 Python/3.13.0
17:57:30.878 [main] DEBUG org.apache.http.headers -- http-outgoing-6 << Date: Mon, 03 Nov 2025 21:57:30 GMT
17:57:30.878 [main] DEBUG org.apache.http.headers -- http-outgoing-6 << Content-Type: text/plain
17:57:30.878 [main] DEBUG org.apache.http.headers -- http-outgoing-6 << Access-Control-Allow-Origin: *
17:57:30.878 [main] DEBUG org.apache.http.headers -- http-outgoing-6 << Content-Length: 3
17:57:30.878 [main] DEBUG org.apache.http.headers -- http-outgoing-6 << Connection: close
17:57:30.879 [main] DEBUG org.apache.http.wire -- http-outgoing-6 << "-24"
17:57:30.879 [main] DEBUG org.apache.http.impl.conn.DefaultManagedHttpClientConnection -- http-outgoing-6: Close connection
17:57:30.879 [main] DEBUG org.apache.http.impl.execchain.MainClientExec -- Connection discarded
17:57:30.879 [main] DEBUG org.apache.http.impl.conn.PoolingHttpClientConnectionManager -- Connection released: [id: 6][route: {}->http://127.0.0.1:5000][total available: 0; route allocated: 0 of 5; total allocated: 0 of 10]
17:57:30.879 [main] DEBUG org.apache.http.impl.conn.PoolingHttpClientConnectionManager -- Connection manager is shutting down
17:57:30.879 [main] DEBUG org.apache.http.impl.conn.PoolingHttpClientConnectionManager -- Connection manager shut down
17:57:30.879 [main] DEBUG com.intuit.karate -- response time in milliseconds: 6
1 < 200
1 < Server: Werkzeug/3.1.3 Python/3.13.0
1 < Date: Mon, 03 Nov 2025 21:57:30 GMT
1 < Content-Type: text/plain
1 < Access-Control-Allow-Origin: *
1 < Content-Length: 3
1 < Connection: close
-24

]]></system-out>
  </testcase>
  <testcase name="[4.5:33] 4. Sumas con numeros negativos y decimales" classname="src/test/features/calculator" time="0.024">
    <system-out><![CDATA[17:57:30.902 [main] DEBUG org.apache.http.client.protocol.RequestAddCookies -- CookieSpec selected: karate
17:57:30.902 [main] DEBUG org.apache.http.client.protocol.RequestAuthCache -- Auth cache not set in the context
17:57:30.902 [main] DEBUG com.intuit.karate -- request:
1 > GET http://127.0.0.1:5000/calc/add/-60/25
1 > Host: 127.0.0.1:5000
1 > Connection: Keep-Alive
1 > User-Agent: Apache-HttpClient/4.5.14 (Java/17.0.2)
1 > Accept-Encoding: gzip,deflate


17:57:30.902 [main] DEBUG org.apache.http.impl.conn.PoolingHttpClientConnectionManager -- Connection request: [route: {}->http://127.0.0.1:5000][total available: 0; route allocated: 0 of 5; total allocated: 0 of 10]
17:57:30.902 [main] DEBUG org.apache.http.impl.conn.PoolingHttpClientConnectionManager -- Connection leased: [id: 7][route: {}->http://127.0.0.1:5000][total available: 0; route allocated: 1 of 5; total allocated: 1 of 10]
17:57:30.902 [main] DEBUG org.apache.http.impl.execchain.MainClientExec -- Opening connection {}->http://127.0.0.1:5000
17:57:30.902 [main] DEBUG org.apache.http.impl.conn.DefaultHttpClientConnectionOperator -- Connecting to /127.0.0.1:5000
17:57:30.903 [main] DEBUG org.apache.http.impl.conn.DefaultHttpClientConnectionOperator -- Connection established 127.0.0.1:61898<->127.0.0.1:5000
17:57:30.903 [main] DEBUG org.apache.http.impl.conn.DefaultManagedHttpClientConnection -- http-outgoing-7: set socket timeout to 30000
17:57:30.903 [main] DEBUG org.apache.http.impl.execchain.MainClientExec -- Executing request GET /calc/add/-60/25 HTTP/1.1
17:57:30.903 [main] DEBUG org.apache.http.impl.execchain.MainClientExec -- Target auth state: UNCHALLENGED
17:57:30.903 [main] DEBUG org.apache.http.impl.execchain.MainClientExec -- Proxy auth state: UNCHALLENGED
17:57:30.905 [main] DEBUG org.apache.http.headers -- http-outgoing-7 >> GET /calc/add/-60/25 HTTP/1.1
17:57:30.905 [main] DEBUG org.apache.http.headers -- http-outgoing-7 >> Host: 127.0.0.1:5000
17:57:30.905 [main] DEBUG org.apache.http.headers -- http-outgoing-7 >> Connection: Keep-Alive
17:57:30.905 [main] DEBUG org.apache.http.headers -- http-outgoing-7 >> User-Agent: Apache-HttpClient/4.5.14 (Java/17.0.2)
17:57:30.905 [main] DEBUG org.apache.http.headers -- http-outgoing-7 >> Accept-Encoding: gzip,deflate
17:57:30.905 [main] DEBUG org.apache.http.wire -- http-outgoing-7 >> "GET /calc/add/-60/25 HTTP/1.1[\r][\n]"
17:57:30.905 [main] DEBUG org.apache.http.wire -- http-outgoing-7 >> "Host: 127.0.0.1:5000[\r][\n]"
17:57:30.905 [main] DEBUG org.apache.http.wire -- http-outgoing-7 >> "Connection: Keep-Alive[\r][\n]"
17:57:30.905 [main] DEBUG org.apache.http.wire -- http-outgoing-7 >> "User-Agent: Apache-HttpClient/4.5.14 (Java/17.0.2)[\r][\n]"
17:57:30.905 [main] DEBUG org.apache.http.wire -- http-outgoing-7 >> "Accept-Encoding: gzip,deflate[\r][\n]"
17:57:30.905 [main] DEBUG org.apache.http.wire -- http-outgoing-7 >> "[\r][\n]"
17:57:30.906 [main] DEBUG org.apache.http.wire -- http-outgoing-7 << "HTTP/1.1 200 OK[\r][\n]"
17:57:30.906 [main] DEBUG org.apache.http.wire -- http-outgoing-7 << "Server: Werkzeug/3.1.3 Python/3.13.0[\r][\n]"
17:57:30.906 [main] DEBUG org.apache.http.wire -- http-outgoing-7 << "Date: Mon, 03 Nov 2025 21:57:30 GMT[\r][\n]"
17:57:30.906 [main] DEBUG org.apache.http.wire -- http-outgoing-7 << "Content-Type: text/plain[\r][\n]"
17:57:30.906 [main] DEBUG org.apache.http.wire -- http-outgoing-7 << "Access-Control-Allow-Origin: *[\r][\n]"
17:57:30.907 [main] DEBUG org.apache.http.wire -- http-outgoing-7 << "Content-Length: 3[\r][\n]"
17:57:30.907 [main] DEBUG org.apache.http.wire -- http-outgoing-7 << "Connection: close[\r][\n]"
17:57:30.907 [main] DEBUG org.apache.http.wire -- http-outgoing-7 << "[\r][\n]"
17:57:30.907 [main] DEBUG org.apache.http.headers -- http-outgoing-7 << HTTP/1.1 200 OK
17:57:30.907 [main] DEBUG org.apache.http.headers -- http-outgoing-7 << Server: Werkzeug/3.1.3 Python/3.13.0
17:57:30.907 [main] DEBUG org.apache.http.headers -- http-outgoing-7 << Date: Mon, 03 Nov 2025 21:57:30 GMT
17:57:30.907 [main] DEBUG org.apache.http.headers -- http-outgoing-7 << Content-Type: text/plain
17:57:30.907 [main] DEBUG org.apache.http.headers -- http-outgoing-7 << Access-Control-Allow-Origin: *
17:57:30.907 [main] DEBUG org.apache.http.headers -- http-outgoing-7 << Content-Length: 3
17:57:30.907 [main] DEBUG org.apache.http.headers -- http-outgoing-7 << Connection: close
17:57:30.907 [main] DEBUG org.apache.http.wire -- http-outgoing-7 << "-35"
17:57:30.907 [main] DEBUG org.apache.http.impl.conn.DefaultManagedHttpClientConnection -- http-outgoing-7: Close connection
17:57:30.907 [main] DEBUG org.apache.http.impl.execchain.MainClientExec -- Connection discarded
17:57:30.907 [main] DEBUG org.apache.http.impl.conn.PoolingHttpClientConnectionManager -- Connection released: [id: 7][route: {}->http://127.0.0.1:5000][total available: 0; route allocated: 0 of 5; total allocated: 0 of 10]
17:57:30.907 [main] DEBUG org.apache.http.impl.conn.PoolingHttpClientConnectionManager -- Connection manager is shutting down
17:57:30.907 [main] DEBUG org.apache.http.impl.conn.PoolingHttpClientConnectionManager -- Connection manager shut down
17:57:30.909 [main] DEBUG com.intuit.karate -- response time in milliseconds: 5
1 < 200
1 < Server: Werkzeug/3.1.3 Python/3.13.0
1 < Date: Mon, 03 Nov 2025 21:57:30 GMT
1 < Content-Type: text/plain
1 < Access-Control-Allow-Origin: *
1 < Content-Length: 3
1 < Connection: close
-35

]]></system-out>
  </testcase>
  <testcase name="[4.6:34] 4. Sumas con numeros negativos y decimales" classname="src/test/features/calculator" time="0.03">
    <system-out><![CDATA[17:57:30.932 [main] DEBUG org.apache.http.client.protocol.RequestAddCookies -- CookieSpec selected: karate
17:57:30.932 [main] DEBUG org.apache.http.client.protocol.RequestAuthCache -- Auth cache not set in the context
17:57:30.932 [main] DEBUG com.intuit.karate -- request:
1 > GET http://127.0.0.1:5000/calc/add/12.5/20.75
1 > Host: 127.0.0.1:5000
1 > Connection: Keep-Alive
1 > User-Agent: Apache-HttpClient/4.5.14 (Java/17.0.2)
1 > Accept-Encoding: gzip,deflate


17:57:30.932 [main] DEBUG org.apache.http.impl.conn.PoolingHttpClientConnectionManager -- Connection request: [route: {}->http://127.0.0.1:5000][total available: 0; route allocated: 0 of 5; total allocated: 0 of 10]
17:57:30.932 [main] DEBUG org.apache.http.impl.conn.PoolingHttpClientConnectionManager -- Connection leased: [id: 8][route: {}->http://127.0.0.1:5000][total available: 0; route allocated: 1 of 5; total allocated: 1 of 10]
17:57:30.932 [main] DEBUG org.apache.http.impl.execchain.MainClientExec -- Opening connection {}->http://127.0.0.1:5000
17:57:30.932 [main] DEBUG org.apache.http.impl.conn.DefaultHttpClientConnectionOperator -- Connecting to /127.0.0.1:5000
17:57:30.935 [main] DEBUG org.apache.http.impl.conn.DefaultHttpClientConnectionOperator -- Connection established 127.0.0.1:61899<->127.0.0.1:5000
17:57:30.935 [main] DEBUG org.apache.http.impl.conn.DefaultManagedHttpClientConnection -- http-outgoing-8: set socket timeout to 30000
17:57:30.935 [main] DEBUG org.apache.http.impl.execchain.MainClientExec -- Executing request GET /calc/add/12.5/20.75 HTTP/1.1
17:57:30.935 [main] DEBUG org.apache.http.impl.execchain.MainClientExec -- Target auth state: UNCHALLENGED
17:57:30.935 [main] DEBUG org.apache.http.impl.execchain.MainClientExec -- Proxy auth state: UNCHALLENGED
17:57:30.935 [main] DEBUG org.apache.http.headers -- http-outgoing-8 >> GET /calc/add/12.5/20.75 HTTP/1.1
17:57:30.935 [main] DEBUG org.apache.http.headers -- http-outgoing-8 >> Host: 127.0.0.1:5000
17:57:30.935 [main] DEBUG org.apache.http.headers -- http-outgoing-8 >> Connection: Keep-Alive
17:57:30.935 [main] DEBUG org.apache.http.headers -- http-outgoing-8 >> User-Agent: Apache-HttpClient/4.5.14 (Java/17.0.2)
17:57:30.935 [main] DEBUG org.apache.http.headers -- http-outgoing-8 >> Accept-Encoding: gzip,deflate
17:57:30.935 [main] DEBUG org.apache.http.wire -- http-outgoing-8 >> "GET /calc/add/12.5/20.75 HTTP/1.1[\r][\n]"
17:57:30.935 [main] DEBUG org.apache.http.wire -- http-outgoing-8 >> "Host: 127.0.0.1:5000[\r][\n]"
17:57:30.935 [main] DEBUG org.apache.http.wire -- http-outgoing-8 >> "Connection: Keep-Alive[\r][\n]"
17:57:30.935 [main] DEBUG org.apache.http.wire -- http-outgoing-8 >> "User-Agent: Apache-HttpClient/4.5.14 (Java/17.0.2)[\r][\n]"
17:57:30.935 [main] DEBUG org.apache.http.wire -- http-outgoing-8 >> "Accept-Encoding: gzip,deflate[\r][\n]"
17:57:30.935 [main] DEBUG org.apache.http.wire -- http-outgoing-8 >> "[\r][\n]"
17:57:30.938 [main] DEBUG org.apache.http.wire -- http-outgoing-8 << "HTTP/1.1 200 OK[\r][\n]"
17:57:30.938 [main] DEBUG org.apache.http.wire -- http-outgoing-8 << "Server: Werkzeug/3.1.3 Python/3.13.0[\r][\n]"
17:57:30.938 [main] DEBUG org.apache.http.wire -- http-outgoing-8 << "Date: Mon, 03 Nov 2025 21:57:30 GMT[\r][\n]"
17:57:30.938 [main] DEBUG org.apache.http.wire -- http-outgoing-8 << "Content-Type: text/plain[\r][\n]"
17:57:30.938 [main] DEBUG org.apache.http.wire -- http-outgoing-8 << "Access-Control-Allow-Origin: *[\r][\n]"
17:57:30.938 [main] DEBUG org.apache.http.wire -- http-outgoing-8 << "Content-Length: 5[\r][\n]"
17:57:30.938 [main] DEBUG org.apache.http.wire -- http-outgoing-8 << "Connection: close[\r][\n]"
17:57:30.938 [main] DEBUG org.apache.http.wire -- http-outgoing-8 << "[\r][\n]"
17:57:30.938 [main] DEBUG org.apache.http.wire -- http-outgoing-8 << "33.25"
17:57:30.938 [main] DEBUG org.apache.http.headers -- http-outgoing-8 << HTTP/1.1 200 OK
17:57:30.938 [main] DEBUG org.apache.http.headers -- http-outgoing-8 << Server: Werkzeug/3.1.3 Python/3.13.0
17:57:30.938 [main] DEBUG org.apache.http.headers -- http-outgoing-8 << Date: Mon, 03 Nov 2025 21:57:30 GMT
17:57:30.938 [main] DEBUG org.apache.http.headers -- http-outgoing-8 << Content-Type: text/plain
17:57:30.938 [main] DEBUG org.apache.http.headers -- http-outgoing-8 << Access-Control-Allow-Origin: *
17:57:30.938 [main] DEBUG org.apache.http.headers -- http-outgoing-8 << Content-Length: 5
17:57:30.938 [main] DEBUG org.apache.http.headers -- http-outgoing-8 << Connection: close
17:57:30.938 [main] DEBUG org.apache.http.impl.conn.DefaultManagedHttpClientConnection -- http-outgoing-8: Close connection
17:57:30.938 [main] DEBUG org.apache.http.impl.execchain.MainClientExec -- Connection discarded
17:57:30.938 [main] DEBUG org.apache.http.impl.conn.PoolingHttpClientConnectionManager -- Connection released: [id: 8][route: {}->http://127.0.0.1:5000][total available: 0; route allocated: 0 of 5; total allocated: 0 of 10]
17:57:30.938 [main] DEBUG org.apache.http.impl.conn.PoolingHttpClientConnectionManager -- Connection manager is shutting down
17:57:30.938 [main] DEBUG org.apache.http.impl.conn.PoolingHttpClientConnectionManager -- Connection manager shut down
17:57:30.938 [main] DEBUG com.intuit.karate -- response time in milliseconds: 6
1 < 200
1 < Server: Werkzeug/3.1.3 Python/3.13.0
1 < Date: Mon, 03 Nov 2025 21:57:30 GMT
1 < Content-Type: text/plain
1 < Access-Control-Allow-Origin: *
1 < Content-Length: 5
1 < Connection: close
33.25

]]></system-out>
  </testcase>
  <testcase name="[4.7:35] 4. Sumas con numeros negativos y decimales" classname="src/test/features/calculator" time="0.027">
    <system-out><![CDATA[17:57:30.964 [main] DEBUG org.apache.http.client.protocol.RequestAddCookies -- CookieSpec selected: karate
17:57:30.964 [main] DEBUG org.apache.http.client.protocol.RequestAuthCache -- Auth cache not set in the context
17:57:30.964 [main] DEBUG com.intuit.karate -- request:
1 > GET http://127.0.0.1:5000/calc/add/0.5/9
1 > Host: 127.0.0.1:5000
1 > Connection: Keep-Alive
1 > User-Agent: Apache-HttpClient/4.5.14 (Java/17.0.2)
1 > Accept-Encoding: gzip,deflate


17:57:30.967 [main] DEBUG org.apache.http.impl.conn.PoolingHttpClientConnectionManager -- Connection request: [route: {}->http://127.0.0.1:5000][total available: 0; route allocated: 0 of 5; total allocated: 0 of 10]
17:57:30.967 [main] DEBUG org.apache.http.impl.conn.PoolingHttpClientConnectionManager -- Connection leased: [id: 9][route: {}->http://127.0.0.1:5000][total available: 0; route allocated: 1 of 5; total allocated: 1 of 10]
17:57:30.967 [main] DEBUG org.apache.http.impl.execchain.MainClientExec -- Opening connection {}->http://127.0.0.1:5000
17:57:30.967 [main] DEBUG org.apache.http.impl.conn.DefaultHttpClientConnectionOperator -- Connecting to /127.0.0.1:5000
17:57:30.967 [main] DEBUG org.apache.http.impl.conn.DefaultHttpClientConnectionOperator -- Connection established 127.0.0.1:61900<->127.0.0.1:5000
17:57:30.967 [main] DEBUG org.apache.http.impl.conn.DefaultManagedHttpClientConnection -- http-outgoing-9: set socket timeout to 30000
17:57:30.967 [main] DEBUG org.apache.http.impl.execchain.MainClientExec -- Executing request GET /calc/add/0.5/9 HTTP/1.1
17:57:30.967 [main] DEBUG org.apache.http.impl.execchain.MainClientExec -- Target auth state: UNCHALLENGED
17:57:30.967 [main] DEBUG org.apache.http.impl.execchain.MainClientExec -- Proxy auth state: UNCHALLENGED
17:57:30.967 [main] DEBUG org.apache.http.headers -- http-outgoing-9 >> GET /calc/add/0.5/9 HTTP/1.1
17:57:30.967 [main] DEBUG org.apache.http.headers -- http-outgoing-9 >> Host: 127.0.0.1:5000
17:57:30.967 [main] DEBUG org.apache.http.headers -- http-outgoing-9 >> Connection: Keep-Alive
17:57:30.967 [main] DEBUG org.apache.http.headers -- http-outgoing-9 >> User-Agent: Apache-HttpClient/4.5.14 (Java/17.0.2)
17:57:30.967 [main] DEBUG org.apache.http.headers -- http-outgoing-9 >> Accept-Encoding: gzip,deflate
17:57:30.970 [main] DEBUG org.apache.http.wire -- http-outgoing-9 >> "GET /calc/add/0.5/9 HTTP/1.1[\r][\n]"
17:57:30.970 [main] DEBUG org.apache.http.wire -- http-outgoing-9 >> "Host: 127.0.0.1:5000[\r][\n]"
17:57:30.970 [main] DEBUG org.apache.http.wire -- http-outgoing-9 >> "Connection: Keep-Alive[\r][\n]"
17:57:30.970 [main] DEBUG org.apache.http.wire -- http-outgoing-9 >> "User-Agent: Apache-HttpClient/4.5.14 (Java/17.0.2)[\r][\n]"
17:57:30.970 [main] DEBUG org.apache.http.wire -- http-outgoing-9 >> "Accept-Encoding: gzip,deflate[\r][\n]"
17:57:30.970 [main] DEBUG org.apache.http.wire -- http-outgoing-9 >> "[\r][\n]"
17:57:30.972 [main] DEBUG org.apache.http.wire -- http-outgoing-9 << "HTTP/1.1 200 OK[\r][\n]"
17:57:30.972 [main] DEBUG org.apache.http.wire -- http-outgoing-9 << "Server: Werkzeug/3.1.3 Python/3.13.0[\r][\n]"
17:57:30.972 [main] DEBUG org.apache.http.wire -- http-outgoing-9 << "Date: Mon, 03 Nov 2025 21:57:30 GMT[\r][\n]"
17:57:30.972 [main] DEBUG org.apache.http.wire -- http-outgoing-9 << "Content-Type: text/plain[\r][\n]"
17:57:30.972 [main] DEBUG org.apache.http.wire -- http-outgoing-9 << "Access-Control-Allow-Origin: *[\r][\n]"
17:57:30.972 [main] DEBUG org.apache.http.wire -- http-outgoing-9 << "Content-Length: 3[\r][\n]"
17:57:30.972 [main] DEBUG org.apache.http.wire -- http-outgoing-9 << "Connection: close[\r][\n]"
17:57:30.972 [main] DEBUG org.apache.http.wire -- http-outgoing-9 << "[\r][\n]"
17:57:30.972 [main] DEBUG org.apache.http.headers -- http-outgoing-9 << HTTP/1.1 200 OK
17:57:30.972 [main] DEBUG org.apache.http.headers -- http-outgoing-9 << Server: Werkzeug/3.1.3 Python/3.13.0
17:57:30.972 [main] DEBUG org.apache.http.headers -- http-outgoing-9 << Date: Mon, 03 Nov 2025 21:57:30 GMT
17:57:30.972 [main] DEBUG org.apache.http.headers -- http-outgoing-9 << Content-Type: text/plain
17:57:30.972 [main] DEBUG org.apache.http.headers -- http-outgoing-9 << Access-Control-Allow-Origin: *
17:57:30.972 [main] DEBUG org.apache.http.headers -- http-outgoing-9 << Content-Length: 3
17:57:30.972 [main] DEBUG org.apache.http.headers -- http-outgoing-9 << Connection: close
17:57:30.972 [main] DEBUG org.apache.http.wire -- http-outgoing-9 << "9.5"
17:57:30.972 [main] DEBUG org.apache.http.impl.conn.DefaultManagedHttpClientConnection -- http-outgoing-9: Close connection
17:57:30.973 [main] DEBUG org.apache.http.impl.execchain.MainClientExec -- Connection discarded
17:57:30.973 [main] DEBUG org.apache.http.impl.conn.PoolingHttpClientConnectionManager -- Connection released: [id: 9][route: {}->http://127.0.0.1:5000][total available: 0; route allocated: 0 of 5; total allocated: 0 of 10]
17:57:30.973 [main] DEBUG org.apache.http.impl.conn.PoolingHttpClientConnectionManager -- Connection manager is shutting down
17:57:30.973 [main] DEBUG org.apache.http.impl.conn.PoolingHttpClientConnectionManager -- Connection manager shut down
17:57:30.973 [main] DEBUG com.intuit.karate -- response time in milliseconds: 6
1 < 200
1 < Server: Werkzeug/3.1.3 Python/3.13.0
1 < Date: Mon, 03 Nov 2025 21:57:30 GMT
1 < Content-Type: text/plain
1 < Access-Control-Allow-Origin: *
1 < Content-Length: 3
1 < Connection: close
9.5

]]></system-out>
  </testcase>
  <testcase name="[4.8:36] 4. Sumas con numeros negativos y decimales" classname="src/test/features/calculator" time="0.027">
    <system-out><![CDATA[17:57:30.996 [main] DEBUG org.apache.http.client.protocol.RequestAddCookies -- CookieSpec selected: karate
17:57:30.996 [main] DEBUG org.apache.http.client.protocol.RequestAuthCache -- Auth cache not set in the context
17:57:30.996 [main] DEBUG com.intuit.karate -- request:
1 > GET http://127.0.0.1:5000/calc/add/6.8/-2.9
1 > Host: 127.0.0.1:5000
1 > Connection: Keep-Alive
1 > User-Agent: Apache-HttpClient/4.5.14 (Java/17.0.2)
1 > Accept-Encoding: gzip,deflate


17:57:30.996 [main] DEBUG org.apache.http.impl.conn.PoolingHttpClientConnectionManager -- Connection request: [route: {}->http://127.0.0.1:5000][total available: 0; route allocated: 0 of 5; total allocated: 0 of 10]
17:57:30.996 [main] DEBUG org.apache.http.impl.conn.PoolingHttpClientConnectionManager -- Connection leased: [id: 10][route: {}->http://127.0.0.1:5000][total available: 0; route allocated: 1 of 5; total allocated: 1 of 10]
17:57:30.996 [main] DEBUG org.apache.http.impl.execchain.MainClientExec -- Opening connection {}->http://127.0.0.1:5000
17:57:30.996 [main] DEBUG org.apache.http.impl.conn.DefaultHttpClientConnectionOperator -- Connecting to /127.0.0.1:5000
17:57:30.996 [main] DEBUG org.apache.http.impl.conn.DefaultHttpClientConnectionOperator -- Connection established 127.0.0.1:61901<->127.0.0.1:5000
17:57:30.996 [main] DEBUG org.apache.http.impl.conn.DefaultManagedHttpClientConnection -- http-outgoing-10: set socket timeout to 30000
17:57:30.996 [main] DEBUG org.apache.http.impl.execchain.MainClientExec -- Executing request GET /calc/add/6.8/-2.9 HTTP/1.1
17:57:30.996 [main] DEBUG org.apache.http.impl.execchain.MainClientExec -- Target auth state: UNCHALLENGED
17:57:30.996 [main] DEBUG org.apache.http.impl.execchain.MainClientExec -- Proxy auth state: UNCHALLENGED
17:57:30.998 [main] DEBUG org.apache.http.headers -- http-outgoing-10 >> GET /calc/add/6.8/-2.9 HTTP/1.1
17:57:30.998 [main] DEBUG org.apache.http.headers -- http-outgoing-10 >> Host: 127.0.0.1:5000
17:57:30.998 [main] DEBUG org.apache.http.headers -- http-outgoing-10 >> Connection: Keep-Alive
17:57:30.998 [main] DEBUG org.apache.http.headers -- http-outgoing-10 >> User-Agent: Apache-HttpClient/4.5.14 (Java/17.0.2)
17:57:30.998 [main] DEBUG org.apache.http.headers -- http-outgoing-10 >> Accept-Encoding: gzip,deflate
17:57:30.998 [main] DEBUG org.apache.http.wire -- http-outgoing-10 >> "GET /calc/add/6.8/-2.9 HTTP/1.1[\r][\n]"
17:57:30.998 [main] DEBUG org.apache.http.wire -- http-outgoing-10 >> "Host: 127.0.0.1:5000[\r][\n]"
17:57:30.998 [main] DEBUG org.apache.http.wire -- http-outgoing-10 >> "Connection: Keep-Alive[\r][\n]"
17:57:30.998 [main] DEBUG org.apache.http.wire -- http-outgoing-10 >> "User-Agent: Apache-HttpClient/4.5.14 (Java/17.0.2)[\r][\n]"
17:57:30.998 [main] DEBUG org.apache.http.wire -- http-outgoing-10 >> "Accept-Encoding: gzip,deflate[\r][\n]"
17:57:30.998 [main] DEBUG org.apache.http.wire -- http-outgoing-10 >> "[\r][\n]"
17:57:30.999 [main] DEBUG org.apache.http.wire -- http-outgoing-10 << "HTTP/1.1 200 OK[\r][\n]"
17:57:30.999 [main] DEBUG org.apache.http.wire -- http-outgoing-10 << "Server: Werkzeug/3.1.3 Python/3.13.0[\r][\n]"
17:57:30.999 [main] DEBUG org.apache.http.wire -- http-outgoing-10 << "Date: Mon, 03 Nov 2025 21:57:31 GMT[\r][\n]"
17:57:30.999 [main] DEBUG org.apache.http.wire -- http-outgoing-10 << "Content-Type: text/plain[\r][\n]"
17:57:30.999 [main] DEBUG org.apache.http.wire -- http-outgoing-10 << "Access-Control-Allow-Origin: *[\r][\n]"
17:57:30.999 [main] DEBUG org.apache.http.wire -- http-outgoing-10 << "Content-Length: 3[\r][\n]"
17:57:30.999 [main] DEBUG org.apache.http.wire -- http-outgoing-10 << "Connection: close[\r][\n]"
17:57:30.999 [main] DEBUG org.apache.http.wire -- http-outgoing-10 << "[\r][\n]"
17:57:30.999 [main] DEBUG org.apache.http.headers -- http-outgoing-10 << HTTP/1.1 200 OK
17:57:30.999 [main] DEBUG org.apache.http.headers -- http-outgoing-10 << Server: Werkzeug/3.1.3 Python/3.13.0
17:57:30.999 [main] DEBUG org.apache.http.headers -- http-outgoing-10 << Date: Mon, 03 Nov 2025 21:57:31 GMT
17:57:30.999 [main] DEBUG org.apache.http.headers -- http-outgoing-10 << Content-Type: text/plain
17:57:30.999 [main] DEBUG org.apache.http.headers -- http-outgoing-10 << Access-Control-Allow-Origin: *
17:57:30.999 [main] DEBUG org.apache.http.headers -- http-outgoing-10 << Content-Length: 3
17:57:30.999 [main] DEBUG org.apache.http.headers -- http-outgoing-10 << Connection: close
17:57:30.999 [main] DEBUG org.apache.http.wire -- http-outgoing-10 << "3.9"
17:57:30.999 [main] DEBUG org.apache.http.impl.conn.DefaultManagedHttpClientConnection -- http-outgoing-10: Close connection
17:57:30.999 [main] DEBUG org.apache.http.impl.execchain.MainClientExec -- Connection discarded
17:57:30.999 [main] DEBUG org.apache.http.impl.conn.PoolingHttpClientConnectionManager -- Connection released: [id: 10][route: {}->http://127.0.0.1:5000][total available: 0; route allocated: 0 of 5; total allocated: 0 of 10]
17:57:30.999 [main] DEBUG org.apache.http.impl.conn.PoolingHttpClientConnectionManager -- Connection manager is shutting down
17:57:30.999 [main] DEBUG org.apache.http.impl.conn.PoolingHttpClientConnectionManager -- Connection manager shut down
17:57:31.002 [main] DEBUG com.intuit.karate -- response time in milliseconds: 3
1 < 200
1 < Server: Werkzeug/3.1.3 Python/3.13.0
1 < Date: Mon, 03 Nov 2025 21:57:31 GMT
1 < Content-Type: text/plain
1 < Access-Control-Allow-Origin: *
1 < Content-Length: 3
1 < Connection: close
3.9

]]></system-out>
  </testcase>
  <testcase name="[5.1:46] 5. Restas exitosas de numeros Negativos y positivos" classname="src/test/features/calculator" time="0.031">
    <system-out><![CDATA[17:57:31.026 [main] DEBUG org.apache.http.client.protocol.RequestAddCookies -- CookieSpec selected: karate
17:57:31.029 [main] DEBUG org.apache.http.client.protocol.RequestAuthCache -- Auth cache not set in the context
17:57:31.029 [main] DEBUG com.intuit.karate -- request:
1 > GET http://127.0.0.1:5000/calc/substract/10/6
1 > Host: 127.0.0.1:5000
1 > Connection: Keep-Alive
1 > User-Agent: Apache-HttpClient/4.5.14 (Java/17.0.2)
1 > Accept-Encoding: gzip,deflate


17:57:31.029 [main] DEBUG org.apache.http.impl.conn.PoolingHttpClientConnectionManager -- Connection request: [route: {}->http://127.0.0.1:5000][total available: 0; route allocated: 0 of 5; total allocated: 0 of 10]
17:57:31.029 [main] DEBUG org.apache.http.impl.conn.PoolingHttpClientConnectionManager -- Connection leased: [id: 11][route: {}->http://127.0.0.1:5000][total available: 0; route allocated: 1 of 5; total allocated: 1 of 10]
17:57:31.029 [main] DEBUG org.apache.http.impl.execchain.MainClientExec -- Opening connection {}->http://127.0.0.1:5000
17:57:31.029 [main] DEBUG org.apache.http.impl.conn.DefaultHttpClientConnectionOperator -- Connecting to /127.0.0.1:5000
17:57:31.031 [main] DEBUG org.apache.http.impl.conn.DefaultHttpClientConnectionOperator -- Connection established 127.0.0.1:61902<->127.0.0.1:5000
17:57:31.031 [main] DEBUG org.apache.http.impl.conn.DefaultManagedHttpClientConnection -- http-outgoing-11: set socket timeout to 30000
17:57:31.031 [main] DEBUG org.apache.http.impl.execchain.MainClientExec -- Executing request GET /calc/substract/10/6 HTTP/1.1
17:57:31.031 [main] DEBUG org.apache.http.impl.execchain.MainClientExec -- Target auth state: UNCHALLENGED
17:57:31.031 [main] DEBUG org.apache.http.impl.execchain.MainClientExec -- Proxy auth state: UNCHALLENGED
17:57:31.031 [main] DEBUG org.apache.http.headers -- http-outgoing-11 >> GET /calc/substract/10/6 HTTP/1.1
17:57:31.031 [main] DEBUG org.apache.http.headers -- http-outgoing-11 >> Host: 127.0.0.1:5000
17:57:31.031 [main] DEBUG org.apache.http.headers -- http-outgoing-11 >> Connection: Keep-Alive
17:57:31.031 [main] DEBUG org.apache.http.headers -- http-outgoing-11 >> User-Agent: Apache-HttpClient/4.5.14 (Java/17.0.2)
17:57:31.031 [main] DEBUG org.apache.http.headers -- http-outgoing-11 >> Accept-Encoding: gzip,deflate
17:57:31.031 [main] DEBUG org.apache.http.wire -- http-outgoing-11 >> "GET /calc/substract/10/6 HTTP/1.1[\r][\n]"
17:57:31.031 [main] DEBUG org.apache.http.wire -- http-outgoing-11 >> "Host: 127.0.0.1:5000[\r][\n]"
17:57:31.031 [main] DEBUG org.apache.http.wire -- http-outgoing-11 >> "Connection: Keep-Alive[\r][\n]"
17:57:31.031 [main] DEBUG org.apache.http.wire -- http-outgoing-11 >> "User-Agent: Apache-HttpClient/4.5.14 (Java/17.0.2)[\r][\n]"
17:57:31.031 [main] DEBUG org.apache.http.wire -- http-outgoing-11 >> "Accept-Encoding: gzip,deflate[\r][\n]"
17:57:31.031 [main] DEBUG org.apache.http.wire -- http-outgoing-11 >> "[\r][\n]"
17:57:31.033 [main] DEBUG org.apache.http.wire -- http-outgoing-11 << "HTTP/1.1 200 OK[\r][\n]"
17:57:31.033 [main] DEBUG org.apache.http.wire -- http-outgoing-11 << "Server: Werkzeug/3.1.3 Python/3.13.0[\r][\n]"
17:57:31.033 [main] DEBUG org.apache.http.wire -- http-outgoing-11 << "Date: Mon, 03 Nov 2025 21:57:31 GMT[\r][\n]"
17:57:31.033 [main] DEBUG org.apache.http.wire -- http-outgoing-11 << "Content-Type: text/plain[\r][\n]"
17:57:31.033 [main] DEBUG org.apache.http.wire -- http-outgoing-11 << "Access-Control-Allow-Origin: *[\r][\n]"
17:57:31.033 [main] DEBUG org.apache.http.wire -- http-outgoing-11 << "Content-Length: 1[\r][\n]"
17:57:31.033 [main] DEBUG org.apache.http.wire -- http-outgoing-11 << "Connection: close[\r][\n]"
17:57:31.033 [main] DEBUG org.apache.http.wire -- http-outgoing-11 << "[\r][\n]"
17:57:31.033 [main] DEBUG org.apache.http.headers -- http-outgoing-11 << HTTP/1.1 200 OK
17:57:31.034 [main] DEBUG org.apache.http.headers -- http-outgoing-11 << Server: Werkzeug/3.1.3 Python/3.13.0
17:57:31.034 [main] DEBUG org.apache.http.headers -- http-outgoing-11 << Date: Mon, 03 Nov 2025 21:57:31 GMT
17:57:31.034 [main] DEBUG org.apache.http.headers -- http-outgoing-11 << Content-Type: text/plain
17:57:31.034 [main] DEBUG org.apache.http.headers -- http-outgoing-11 << Access-Control-Allow-Origin: *
17:57:31.034 [main] DEBUG org.apache.http.headers -- http-outgoing-11 << Content-Length: 1
17:57:31.034 [main] DEBUG org.apache.http.headers -- http-outgoing-11 << Connection: close
17:57:31.034 [main] DEBUG org.apache.http.wire -- http-outgoing-11 << "4"
17:57:31.034 [main] DEBUG org.apache.http.impl.conn.DefaultManagedHttpClientConnection -- http-outgoing-11: Close connection
17:57:31.034 [main] DEBUG org.apache.http.impl.execchain.MainClientExec -- Connection discarded
17:57:31.034 [main] DEBUG org.apache.http.impl.conn.PoolingHttpClientConnectionManager -- Connection released: [id: 11][route: {}->http://127.0.0.1:5000][total available: 0; route allocated: 0 of 5; total allocated: 0 of 10]
17:57:31.034 [main] DEBUG org.apache.http.impl.conn.PoolingHttpClientConnectionManager -- Connection manager is shutting down
17:57:31.034 [main] DEBUG org.apache.http.impl.conn.PoolingHttpClientConnectionManager -- Connection manager shut down
17:57:31.034 [main] DEBUG com.intuit.karate -- response time in milliseconds: 5
1 < 200
1 < Server: Werkzeug/3.1.3 Python/3.13.0
1 < Date: Mon, 03 Nov 2025 21:57:31 GMT
1 < Content-Type: text/plain
1 < Access-Control-Allow-Origin: *
1 < Content-Length: 1
1 < Connection: close
4

]]></system-out>
  </testcase>
  <testcase name="[5.2:47] 5. Restas exitosas de numeros Negativos y positivos" classname="src/test/features/calculator" time="0.029">
    <system-out><![CDATA[17:57:31.063 [main] DEBUG org.apache.http.client.protocol.RequestAddCookies -- CookieSpec selected: karate
17:57:31.063 [main] DEBUG org.apache.http.client.protocol.RequestAuthCache -- Auth cache not set in the context
17:57:31.063 [main] DEBUG com.intuit.karate -- request:
1 > GET http://127.0.0.1:5000/calc/substract/3/8
1 > Host: 127.0.0.1:5000
1 > Connection: Keep-Alive
1 > User-Agent: Apache-HttpClient/4.5.14 (Java/17.0.2)
1 > Accept-Encoding: gzip,deflate


17:57:31.063 [main] DEBUG org.apache.http.impl.conn.PoolingHttpClientConnectionManager -- Connection request: [route: {}->http://127.0.0.1:5000][total available: 0; route allocated: 0 of 5; total allocated: 0 of 10]
17:57:31.063 [main] DEBUG org.apache.http.impl.conn.PoolingHttpClientConnectionManager -- Connection leased: [id: 12][route: {}->http://127.0.0.1:5000][total available: 0; route allocated: 1 of 5; total allocated: 1 of 10]
17:57:31.063 [main] DEBUG org.apache.http.impl.execchain.MainClientExec -- Opening connection {}->http://127.0.0.1:5000
17:57:31.063 [main] DEBUG org.apache.http.impl.conn.DefaultHttpClientConnectionOperator -- Connecting to /127.0.0.1:5000
17:57:31.066 [main] DEBUG org.apache.http.impl.conn.DefaultHttpClientConnectionOperator -- Connection established 127.0.0.1:61903<->127.0.0.1:5000
17:57:31.066 [main] DEBUG org.apache.http.impl.conn.DefaultManagedHttpClientConnection -- http-outgoing-12: set socket timeout to 30000
17:57:31.066 [main] DEBUG org.apache.http.impl.execchain.MainClientExec -- Executing request GET /calc/substract/3/8 HTTP/1.1
17:57:31.066 [main] DEBUG org.apache.http.impl.execchain.MainClientExec -- Target auth state: UNCHALLENGED
17:57:31.066 [main] DEBUG org.apache.http.impl.execchain.MainClientExec -- Proxy auth state: UNCHALLENGED
17:57:31.066 [main] DEBUG org.apache.http.headers -- http-outgoing-12 >> GET /calc/substract/3/8 HTTP/1.1
17:57:31.066 [main] DEBUG org.apache.http.headers -- http-outgoing-12 >> Host: 127.0.0.1:5000
17:57:31.066 [main] DEBUG org.apache.http.headers -- http-outgoing-12 >> Connection: Keep-Alive
17:57:31.066 [main] DEBUG org.apache.http.headers -- http-outgoing-12 >> User-Agent: Apache-HttpClient/4.5.14 (Java/17.0.2)
17:57:31.066 [main] DEBUG org.apache.http.headers -- http-outgoing-12 >> Accept-Encoding: gzip,deflate
17:57:31.066 [main] DEBUG org.apache.http.wire -- http-outgoing-12 >> "GET /calc/substract/3/8 HTTP/1.1[\r][\n]"
17:57:31.066 [main] DEBUG org.apache.http.wire -- http-outgoing-12 >> "Host: 127.0.0.1:5000[\r][\n]"
17:57:31.066 [main] DEBUG org.apache.http.wire -- http-outgoing-12 >> "Connection: Keep-Alive[\r][\n]"
17:57:31.066 [main] DEBUG org.apache.http.wire -- http-outgoing-12 >> "User-Agent: Apache-HttpClient/4.5.14 (Java/17.0.2)[\r][\n]"
17:57:31.066 [main] DEBUG org.apache.http.wire -- http-outgoing-12 >> "Accept-Encoding: gzip,deflate[\r][\n]"
17:57:31.066 [main] DEBUG org.apache.http.wire -- http-outgoing-12 >> "[\r][\n]"
17:57:31.066 [main] DEBUG org.apache.http.wire -- http-outgoing-12 << "HTTP/1.1 200 OK[\r][\n]"
17:57:31.066 [main] DEBUG org.apache.http.wire -- http-outgoing-12 << "Server: Werkzeug/3.1.3 Python/3.13.0[\r][\n]"
17:57:31.066 [main] DEBUG org.apache.http.wire -- http-outgoing-12 << "Date: Mon, 03 Nov 2025 21:57:31 GMT[\r][\n]"
17:57:31.066 [main] DEBUG org.apache.http.wire -- http-outgoing-12 << "Content-Type: text/plain[\r][\n]"
17:57:31.066 [main] DEBUG org.apache.http.wire -- http-outgoing-12 << "Access-Control-Allow-Origin: *[\r][\n]"
17:57:31.066 [main] DEBUG org.apache.http.wire -- http-outgoing-12 << "Content-Length: 2[\r][\n]"
17:57:31.066 [main] DEBUG org.apache.http.wire -- http-outgoing-12 << "Connection: close[\r][\n]"
17:57:31.066 [main] DEBUG org.apache.http.wire -- http-outgoing-12 << "[\r][\n]"
17:57:31.066 [main] DEBUG org.apache.http.headers -- http-outgoing-12 << HTTP/1.1 200 OK
17:57:31.066 [main] DEBUG org.apache.http.headers -- http-outgoing-12 << Server: Werkzeug/3.1.3 Python/3.13.0
17:57:31.066 [main] DEBUG org.apache.http.headers -- http-outgoing-12 << Date: Mon, 03 Nov 2025 21:57:31 GMT
17:57:31.066 [main] DEBUG org.apache.http.headers -- http-outgoing-12 << Content-Type: text/plain
17:57:31.066 [main] DEBUG org.apache.http.headers -- http-outgoing-12 << Access-Control-Allow-Origin: *
17:57:31.066 [main] DEBUG org.apache.http.headers -- http-outgoing-12 << Content-Length: 2
17:57:31.066 [main] DEBUG org.apache.http.headers -- http-outgoing-12 << Connection: close
17:57:31.066 [main] DEBUG org.apache.http.wire -- http-outgoing-12 << "-5"
17:57:31.066 [main] DEBUG org.apache.http.impl.conn.DefaultManagedHttpClientConnection -- http-outgoing-12: Close connection
17:57:31.066 [main] DEBUG org.apache.http.impl.execchain.MainClientExec -- Connection discarded
17:57:31.066 [main] DEBUG org.apache.http.impl.conn.PoolingHttpClientConnectionManager -- Connection released: [id: 12][route: {}->http://127.0.0.1:5000][total available: 0; route allocated: 0 of 5; total allocated: 0 of 10]
17:57:31.066 [main] DEBUG org.apache.http.impl.conn.PoolingHttpClientConnectionManager -- Connection manager is shutting down
17:57:31.066 [main] DEBUG org.apache.http.impl.conn.PoolingHttpClientConnectionManager -- Connection manager shut down
17:57:31.070 [main] DEBUG com.intuit.karate -- response time in milliseconds: 3
1 < 200
1 < Server: Werkzeug/3.1.3 Python/3.13.0
1 < Date: Mon, 03 Nov 2025 21:57:31 GMT
1 < Content-Type: text/plain
1 < Access-Control-Allow-Origin: *
1 < Content-Length: 2
1 < Connection: close
-5

]]></system-out>
  </testcase>
  <testcase name="[5.3:48] 5. Restas exitosas de numeros Negativos y positivos" classname="src/test/features/calculator" time="0.027">
    <system-out><![CDATA[17:57:31.095 [main] DEBUG org.apache.http.client.protocol.RequestAddCookies -- CookieSpec selected: karate
17:57:31.095 [main] DEBUG org.apache.http.client.protocol.RequestAuthCache -- Auth cache not set in the context
17:57:31.095 [main] DEBUG com.intuit.karate -- request:
1 > GET http://127.0.0.1:5000/calc/substract/15/3
1 > Host: 127.0.0.1:5000
1 > Connection: Keep-Alive
1 > User-Agent: Apache-HttpClient/4.5.14 (Java/17.0.2)
1 > Accept-Encoding: gzip,deflate


17:57:31.095 [main] DEBUG org.apache.http.impl.conn.PoolingHttpClientConnectionManager -- Connection request: [route: {}->http://127.0.0.1:5000][total available: 0; route allocated: 0 of 5; total allocated: 0 of 10]
17:57:31.095 [main] DEBUG org.apache.http.impl.conn.PoolingHttpClientConnectionManager -- Connection leased: [id: 13][route: {}->http://127.0.0.1:5000][total available: 0; route allocated: 1 of 5; total allocated: 1 of 10]
17:57:31.095 [main] DEBUG org.apache.http.impl.execchain.MainClientExec -- Opening connection {}->http://127.0.0.1:5000
17:57:31.095 [main] DEBUG org.apache.http.impl.conn.DefaultHttpClientConnectionOperator -- Connecting to /127.0.0.1:5000
17:57:31.097 [main] DEBUG org.apache.http.impl.conn.DefaultHttpClientConnectionOperator -- Connection established 127.0.0.1:61904<->127.0.0.1:5000
17:57:31.097 [main] DEBUG org.apache.http.impl.conn.DefaultManagedHttpClientConnection -- http-outgoing-13: set socket timeout to 30000
17:57:31.097 [main] DEBUG org.apache.http.impl.execchain.MainClientExec -- Executing request GET /calc/substract/15/3 HTTP/1.1
17:57:31.097 [main] DEBUG org.apache.http.impl.execchain.MainClientExec -- Target auth state: UNCHALLENGED
17:57:31.097 [main] DEBUG org.apache.http.impl.execchain.MainClientExec -- Proxy auth state: UNCHALLENGED
17:57:31.097 [main] DEBUG org.apache.http.headers -- http-outgoing-13 >> GET /calc/substract/15/3 HTTP/1.1
17:57:31.097 [main] DEBUG org.apache.http.headers -- http-outgoing-13 >> Host: 127.0.0.1:5000
17:57:31.097 [main] DEBUG org.apache.http.headers -- http-outgoing-13 >> Connection: Keep-Alive
17:57:31.097 [main] DEBUG org.apache.http.headers -- http-outgoing-13 >> User-Agent: Apache-HttpClient/4.5.14 (Java/17.0.2)
17:57:31.097 [main] DEBUG org.apache.http.headers -- http-outgoing-13 >> Accept-Encoding: gzip,deflate
17:57:31.097 [main] DEBUG org.apache.http.wire -- http-outgoing-13 >> "GET /calc/substract/15/3 HTTP/1.1[\r][\n]"
17:57:31.097 [main] DEBUG org.apache.http.wire -- http-outgoing-13 >> "Host: 127.0.0.1:5000[\r][\n]"
17:57:31.097 [main] DEBUG org.apache.http.wire -- http-outgoing-13 >> "Connection: Keep-Alive[\r][\n]"
17:57:31.098 [main] DEBUG org.apache.http.wire -- http-outgoing-13 >> "User-Agent: Apache-HttpClient/4.5.14 (Java/17.0.2)[\r][\n]"
17:57:31.098 [main] DEBUG org.apache.http.wire -- http-outgoing-13 >> "Accept-Encoding: gzip,deflate[\r][\n]"
17:57:31.098 [main] DEBUG org.apache.http.wire -- http-outgoing-13 >> "[\r][\n]"
17:57:31.098 [main] DEBUG org.apache.http.wire -- http-outgoing-13 << "HTTP/1.1 200 OK[\r][\n]"
17:57:31.098 [main] DEBUG org.apache.http.wire -- http-outgoing-13 << "Server: Werkzeug/3.1.3 Python/3.13.0[\r][\n]"
17:57:31.098 [main] DEBUG org.apache.http.wire -- http-outgoing-13 << "Date: Mon, 03 Nov 2025 21:57:31 GMT[\r][\n]"
17:57:31.098 [main] DEBUG org.apache.http.wire -- http-outgoing-13 << "Content-Type: text/plain[\r][\n]"
17:57:31.098 [main] DEBUG org.apache.http.wire -- http-outgoing-13 << "Access-Control-Allow-Origin: *[\r][\n]"
17:57:31.098 [main] DEBUG org.apache.http.wire -- http-outgoing-13 << "Content-Length: 2[\r][\n]"
17:57:31.098 [main] DEBUG org.apache.http.wire -- http-outgoing-13 << "Connection: close[\r][\n]"
17:57:31.098 [main] DEBUG org.apache.http.wire -- http-outgoing-13 << "[\r][\n]"
17:57:31.098 [main] DEBUG org.apache.http.headers -- http-outgoing-13 << HTTP/1.1 200 OK
17:57:31.098 [main] DEBUG org.apache.http.headers -- http-outgoing-13 << Server: Werkzeug/3.1.3 Python/3.13.0
17:57:31.098 [main] DEBUG org.apache.http.headers -- http-outgoing-13 << Date: Mon, 03 Nov 2025 21:57:31 GMT
17:57:31.098 [main] DEBUG org.apache.http.headers -- http-outgoing-13 << Content-Type: text/plain
17:57:31.098 [main] DEBUG org.apache.http.headers -- http-outgoing-13 << Access-Control-Allow-Origin: *
17:57:31.098 [main] DEBUG org.apache.http.headers -- http-outgoing-13 << Content-Length: 2
17:57:31.098 [main] DEBUG org.apache.http.headers -- http-outgoing-13 << Connection: close
17:57:31.100 [main] DEBUG org.apache.http.wire -- http-outgoing-13 << "12"
17:57:31.100 [main] DEBUG org.apache.http.impl.conn.DefaultManagedHttpClientConnection -- http-outgoing-13: Close connection
17:57:31.100 [main] DEBUG org.apache.http.impl.execchain.MainClientExec -- Connection discarded
17:57:31.100 [main] DEBUG org.apache.http.impl.conn.PoolingHttpClientConnectionManager -- Connection released: [id: 13][route: {}->http://127.0.0.1:5000][total available: 0; route allocated: 0 of 5; total allocated: 0 of 10]
17:57:31.100 [main] DEBUG org.apache.http.impl.conn.PoolingHttpClientConnectionManager -- Connection manager is shutting down
17:57:31.100 [main] DEBUG org.apache.http.impl.conn.PoolingHttpClientConnectionManager -- Connection manager shut down
17:57:31.100 [main] DEBUG com.intuit.karate -- response time in milliseconds: 5
1 < 200
1 < Server: Werkzeug/3.1.3 Python/3.13.0
1 < Date: Mon, 03 Nov 2025 21:57:31 GMT
1 < Content-Type: text/plain
1 < Access-Control-Allow-Origin: *
1 < Content-Length: 2
1 < Connection: close
12

]]></system-out>
  </testcase>
  <testcase name="[5.4:49] 5. Restas exitosas de numeros Negativos y positivos" classname="src/test/features/calculator" time="0.023">
    <system-out><![CDATA[17:57:31.117 [main] DEBUG org.apache.http.client.protocol.RequestAddCookies -- CookieSpec selected: karate
17:57:31.117 [main] DEBUG org.apache.http.client.protocol.RequestAuthCache -- Auth cache not set in the context
17:57:31.122 [main] DEBUG com.intuit.karate -- request:
1 > GET http://127.0.0.1:5000/calc/substract/3.2/-2
1 > Host: 127.0.0.1:5000
1 > Connection: Keep-Alive
1 > User-Agent: Apache-HttpClient/4.5.14 (Java/17.0.2)
1 > Accept-Encoding: gzip,deflate


[...]
[THYMELEAF]             * [* {th:colspan,data-th-colspan}] [1000]: org.thymeleaf.standard.processor.StandardRemovableAttributeTagProcessor
[THYMELEAF]             * [* {th:class,data-th-class}] [1000]: org.thymeleaf.standard.processor.StandardRemovableAttributeTagProcessor
[THYMELEAF]             * [* {th:title,data-th-title}] [1000]: org.thymeleaf.standard.processor.StandardRemovableAttributeTagProcessor
[THYMELEAF]             * [* {th:data,data-th-data}] [1000]: org.thymeleaf.standard.processor.StandardRemovableAttributeTagProcessor
[THYMELEAF]             * [* {th:usemap,data-th-usemap}] [1000]: org.thymeleaf.standard.processor.StandardRemovableAttributeTagProcessor
[THYMELEAF]             * [* {th:datetime,data-th-datetime}] [1000]: org.thymeleaf.standard.processor.StandardRemovableAttributeTagProcessor
[THYMELEAF]             * [* {th:sandbox,data-th-sandbox}] [1000]: org.thymeleaf.standard.processor.StandardRemovableAttributeTagProcessor
[THYMELEAF]             * [* {th:low,data-th-low}] [1000]: org.thymeleaf.standard.processor.StandardRemovableAttributeTagProcessor
[THYMELEAF]             * [* {th:codetype,data-th-codetype}] [1000]: org.thymeleaf.standard.processor.StandardRemovableAttributeTagProcessor
[THYMELEAF]             * [* {th:poster,data-th-poster}] [1000]: org.thymeleaf.standard.processor.StandardRemovableAttributeTagProcessor
[THYMELEAF]             * [* {th:formtarget,data-th-formtarget}] [1000]: org.thymeleaf.standard.processor.StandardRemovableAttributeTagProcessor
[THYMELEAF]             * [* {th:formenctype,data-th-formenctype}] [1000]: org.thymeleaf.standard.processor.StandardRemovableAttributeTagProcessor
[THYMELEAF]             * [* {th:audio,data-th-audio}] [1000]: org.thymeleaf.standard.processor.StandardRemovableAttributeTagProcessor
[THYMELEAF]             * [* {th:standby,data-th-standby}] [1000]: org.thymeleaf.standard.processor.StandardRemovableAttributeTagProcessor
[THYMELEAF]             * [* {th:scrolling,data-th-scrolling}] [1000]: org.thymeleaf.standard.processor.StandardRemovableAttributeTagProcessor
[THYMELEAF]             * [* {th:icon,data-th-icon}] [1000]: org.thymeleaf.standard.processor.StandardRemovableAttributeTagProcessor
[THYMELEAF]             * [* {th:radiogroup,data-th-radiogroup}] [1000]: org.thymeleaf.standard.processor.StandardRemovableAttributeTagProcessor
[THYMELEAF]             * [* {th:rules,data-th-rules}] [1000]: org.thymeleaf.standard.processor.StandardRemovableAttributeTagProcessor
[THYMELEAF]             * [* {th:preload,data-th-preload}] [1000]: org.thymeleaf.standard.processor.StandardRemovableAttributeTagProcessor
[THYMELEAF]             * [* {th:border,data-th-border}] [1000]: org.thymeleaf.standard.processor.StandardRemovableAttributeTagProcessor
[THYMELEAF]             * [* {th:placeholder,data-th-placeholder}] [1000]: org.thymeleaf.standard.processor.StandardRemovableAttributeTagProcessor
[THYMELEAF]             * [* {th:summary,data-th-summary}] [1000]: org.thymeleaf.standard.processor.StandardRemovableAttributeTagProcessor
[THYMELEAF]             * [* {th:rows,data-th-rows}] [1000]: org.thymeleaf.standard.processor.StandardRemovableAttributeTagProcessor
[THYMELEAF]             * [* {th:compact,data-th-compact}] [1000]: org.thymeleaf.standard.processor.StandardRemovableAttributeTagProcessor
[THYMELEAF]             * [* {th:vspace,data-th-vspace}] [1000]: org.thymeleaf.standard.processor.StandardRemovableAttributeTagProcessor
[THYMELEAF]             * [* {th:abbr,data-th-abbr}] [1000]: org.thymeleaf.standard.processor.StandardRemovableAttributeTagProcessor
[THYMELEAF]             * [* {th:align,data-th-align}] [1000]: org.thymeleaf.standard.processor.StandardRemovableAttributeTagProcessor
[THYMELEAF]             * [* {th:frame,data-th-frame}] [1000]: org.thymeleaf.standard.processor.StandardRemovableAttributeTagProcessor
[THYMELEAF]             * [* {th:dropzone,data-th-dropzone}] [1000]: org.thymeleaf.standard.processor.StandardRemovableAttributeTagProcessor
[THYMELEAF]             * [* {th:http-equiv,data-th-http-equiv}] [1000]: org.thymeleaf.standard.processor.StandardRemovableAttributeTagProcessor
[THYMELEAF]             * [* {th:contextmenu,data-th-contextmenu}] [1000]: org.thymeleaf.standard.processor.StandardRemovableAttributeTagProcessor
[THYMELEAF]             * [* {th:target,data-th-target}] [1000]: org.thymeleaf.standard.processor.StandardRemovableAttributeTagProcessor
[THYMELEAF]             * [* {th:dir,data-th-dir}] [1000]: org.thymeleaf.standard.processor.StandardRemovableAttributeTagProcessor
[THYMELEAF]             * [* {th:classid,data-th-classid}] [1000]: org.thymeleaf.standard.processor.StandardRemovableAttributeTagProcessor
[THYMELEAF]             * [* {th:srclang,data-th-srclang}] [1000]: org.thymeleaf.standard.processor.StandardRemovableAttributeTagProcessor
[THYMELEAF]             * [* {th:enctype,data-th-enctype}] [1000]: org.thymeleaf.standard.processor.StandardRemovableAttributeTagProcessor
[THYMELEAF]             * [* {th:hreflang,data-th-hreflang}] [1000]: org.thymeleaf.standard.processor.StandardRemovableAttributeTagProcessor
[THYMELEAF]             * [* {th:start,data-th-start}] [1000]: org.thymeleaf.standard.processor.StandardRemovableAttributeTagProcessor
[THYMELEAF]             * [* {th:scope,data-th-scope}] [1000]: org.thymeleaf.standard.processor.StandardRemovableAttributeTagProcessor
[THYMELEAF]             * [* {th:src,data-th-src}] [1000]: org.thymeleaf.standard.processor.StandardSrcTagProcessor
[THYMELEAF]             * [* {th:value,data-th-value}] [1000]: org.thymeleaf.standard.processor.StandardValueTagProcessor
[THYMELEAF]             * [* {th:xmlbase,data-th-xmlbase}] [1000]: org.thymeleaf.standard.processor.StandardXmlBaseTagProcessor
[THYMELEAF]             * [* {th:xmllang,data-th-xmllang}] [1000]: org.thymeleaf.standard.processor.StandardXmlLangTagProcessor
[THYMELEAF]             * [* {xmlns:th}] [1000]: org.thymeleaf.standard.processor.StandardXmlNsTagProcessor
[THYMELEAF]             * [* {th:xmlspace,data-th-xmlspace}] [1000]: org.thymeleaf.standard.processor.StandardXmlSpaceTagProcessor
[THYMELEAF]             * [* {th:classappend,data-th-classappend}] [1100]: org.thymeleaf.standard.processor.StandardClassappendTagProcessor
[THYMELEAF]             * [* {th:styleappend,data-th-styleappend}] [1100]: org.thymeleaf.standard.processor.StandardStyleappendTagProcessor
[THYMELEAF]             * [* {th:text,data-th-text}] [1300]: org.thymeleaf.standard.processor.StandardTextTagProcessor
[THYMELEAF]             * [* {th:utext,data-th-utext}] [1400]: org.thymeleaf.standard.processor.StandardUtextTagProcessor
[THYMELEAF]             * [* {th:fragment,data-th-fragment}] [1500]: org.thymeleaf.standard.processor.StandardFragmentTagProcessor
[THYMELEAF]             * [* {th:assert,data-th-assert}] [1550]: org.thymeleaf.standard.processor.StandardAssertTagProcessor
[THYMELEAF]             * [* {th:remove,data-th-remove}] [1600]: org.thymeleaf.standard.processor.StandardRemoveTagProcessor
[THYMELEAF]             * [* {th:ref,data-th-ref}] [10000]: org.thymeleaf.standard.processor.StandardRefAttributeTagProcessor
[THYMELEAF]             * [{th:block,th-block} *] [100000]: org.thymeleaf.standard.processor.StandardBlockTagProcessor
[THYMELEAF]             * [* th:*] [2147483647]: org.thymeleaf.standard.processor.StandardDefaultAttributesTagProcessor
[THYMELEAF]         * Text Processors by [precedence]:
[THYMELEAF]             * [1000]: org.thymeleaf.standard.processor.StandardInliningTextProcessor
[THYMELEAF]         * DOCTYPE Processors by [precedence]:
[THYMELEAF]             * [1000]: org.thymeleaf.standard.processor.StandardTranslationDocTypeProcessor
[THYMELEAF]         * CDATA Section Processors by [precedence]:
[THYMELEAF]             * [1000]: org.thymeleaf.standard.processor.StandardInliningCDATASectionProcessor
[THYMELEAF]         * Comment Processors by [precedence]:
[THYMELEAF]             * [1000]: org.thymeleaf.standard.processor.StandardInliningCommentProcessor
[THYMELEAF]             * [1100]: org.thymeleaf.standard.processor.StandardConditionalCommentProcessor
[THYMELEAF]     * Processors for Template Mode: XML
[THYMELEAF]         * Element Tag Processors by [matching element and attribute name] [precedence]:
[THYMELEAF]             * [* {th:include}] [100]: org.thymeleaf.standard.processor.StandardIncludeTagProcessor
[THYMELEAF]             * [* {th:insert}] [100]: org.thymeleaf.standard.processor.StandardInsertTagProcessor
[THYMELEAF]             * [* {th:replace}] [100]: org.thymeleaf.standard.processor.StandardReplaceTagProcessor
[THYMELEAF]             * [* {th:each}] [200]: com.intuit.karate.template.KarateEachTagProcessor
[THYMELEAF]             * [* {th:switch}] [250]: org.thymeleaf.standard.processor.StandardSwitchTagProcessor
[THYMELEAF]             * [* {th:case}] [275]: org.thymeleaf.standard.processor.StandardCaseTagProcessor
[THYMELEAF]             * [* {th:if}] [300]: org.thymeleaf.standard.processor.StandardIfTagProcessor
[THYMELEAF]             * [* {th:unless}] [400]: org.thymeleaf.standard.processor.StandardUnlessTagProcessor
[THYMELEAF]             * [* {th:object}] [500]: org.thymeleaf.standard.processor.StandardObjectTagProcessor
[THYMELEAF]             * [* {th:with}] [600]: com.intuit.karate.template.KarateWithTagProcessor
[THYMELEAF]             * [* {th:attr}] [700]: com.intuit.karate.template.KarateAttributeTagProcessor.KarateAttrTagProcessor
[THYMELEAF]             * [* {th:attrappend}] [900]: com.intuit.karate.template.KarateAttributeTagProcessor.KarateAttrappendTagProcessor
[THYMELEAF]             * [* {th:attrprepend}] [900]: com.intuit.karate.template.KarateAttributeTagProcessor.KarateAttrprependTagProcessor
[THYMELEAF]             * [* {th:inline}] [1000]: org.thymeleaf.standard.processor.StandardInlineXMLTagProcessor
[THYMELEAF]             * [* {xmlns:th}] [1000]: org.thymeleaf.standard.processor.StandardXmlNsTagProcessor
[THYMELEAF]             * [* {th:text}] [1300]: org.thymeleaf.standard.processor.StandardTextTagProcessor
[THYMELEAF]             * [* {th:utext}] [1400]: org.thymeleaf.standard.processor.StandardUtextTagProcessor
[THYMELEAF]             * [* {th:fragment}] [1500]: org.thymeleaf.standard.processor.StandardFragmentTagProcessor
[THYMELEAF]             * [* {th:assert}] [1550]: org.thymeleaf.standard.processor.StandardAssertTagProcessor
[THYMELEAF]             * [* {th:remove}] [1600]: org.thymeleaf.standard.processor.StandardRemoveTagProcessor
[THYMELEAF]             * [* {th:ref}] [10000]: org.thymeleaf.standard.processor.StandardRefAttributeTagProcessor
[THYMELEAF]             * [{th:block} *] [100000]: org.thymeleaf.standard.processor.StandardBlockTagProcessor
[THYMELEAF]             * [* th:*] [2147483647]: org.thymeleaf.standard.processor.StandardDefaultAttributesTagProcessor
[THYMELEAF]         * Text Processors by [precedence]:
[THYMELEAF]             * [1000]: org.thymeleaf.standard.processor.StandardInliningTextProcessor
[THYMELEAF]         * CDATA Section Processors by [precedence]:
[THYMELEAF]             * [1000]: org.thymeleaf.standard.processor.StandardInliningCDATASectionProcessor
[THYMELEAF]         * Comment Processors by [precedence]:
[THYMELEAF]             * [1000]: org.thymeleaf.standard.processor.StandardInliningCommentProcessor
[THYMELEAF]     * Processors for Template Mode: TEXT
[THYMELEAF]         * Element Tag Processors by [matching element and attribute name] [precedence]:
[THYMELEAF]             * [* {th:insert}] [100]: org.thymeleaf.standard.processor.StandardInsertTagProcessor
[THYMELEAF]             * [* {th:replace}] [100]: org.thymeleaf.standard.processor.StandardReplaceTagProcessor
[THYMELEAF]             * [* {th:each}] [200]: com.intuit.karate.template.KarateEachTagProcessor
[THYMELEAF]             * [* {th:switch}] [250]: org.thymeleaf.standard.processor.StandardSwitchTagProcessor
[THYMELEAF]             * [* {th:case}] [275]: org.thymeleaf.standard.processor.StandardCaseTagProcessor
[THYMELEAF]             * [* {th:if}] [300]: org.thymeleaf.standard.processor.StandardIfTagProcessor
[THYMELEAF]             * [* {th:unless}] [400]: org.thymeleaf.standard.processor.StandardUnlessTagProcessor
[THYMELEAF]             * [* {th:object}] [500]: org.thymeleaf.standard.processor.StandardObjectTagProcessor
[THYMELEAF]             * [* {th:with}] [600]: com.intuit.karate.template.KarateWithTagProcessor
[THYMELEAF]             * [* {th:inline}] [1000]: org.thymeleaf.standard.processor.StandardInlineTextualTagProcessor
[THYMELEAF]             * [* {th:text}] [1300]: org.thymeleaf.standard.processor.StandardTextTagProcessor
[THYMELEAF]             * [* {th:utext}] [1400]: org.thymeleaf.standard.processor.StandardUtextTagProcessor
[THYMELEAF]             * [* {th:assert}] [1550]: org.thymeleaf.standard.processor.StandardAssertTagProcessor
[THYMELEAF]             * [* {th:remove}] [1600]: org.thymeleaf.standard.processor.StandardRemoveTagProcessor
[THYMELEAF]             * [{th:block} *] [100000]: org.thymeleaf.standard.processor.StandardBlockTagProcessor
[THYMELEAF]             * [* 100000] [org.thymeleaf.standard.processor.StandardBlockTagProcessor]: {}
[THYMELEAF]         * Text Processors by [precedence]:
[THYMELEAF]             * [1000]: org.thymeleaf.standard.processor.StandardInliningTextProcessor
[THYMELEAF]     * Processors for Template Mode: JAVASCRIPT
[THYMELEAF]         * Element Tag Processors by [matching element and attribute name] [precedence]:
[THYMELEAF]             * [* {th:insert}] [100]: org.thymeleaf.standard.processor.StandardInsertTagProcessor
[THYMELEAF]             * [* {th:replace}] [100]: org.thymeleaf.standard.processor.StandardReplaceTagProcessor
[THYMELEAF]             * [* {th:each}] [200]: com.intuit.karate.template.KarateEachTagProcessor
[THYMELEAF]             * [* {th:switch}] [250]: org.thymeleaf.standard.processor.StandardSwitchTagProcessor
[THYMELEAF]             * [* {th:case}] [275]: org.thymeleaf.standard.processor.StandardCaseTagProcessor
[THYMELEAF]             * [* {th:if}] [300]: org.thymeleaf.standard.processor.StandardIfTagProcessor
[THYMELEAF]             * [* {th:unless}] [400]: org.thymeleaf.standard.processor.StandardUnlessTagProcessor
[THYMELEAF]             * [* {th:object}] [500]: org.thymeleaf.standard.processor.StandardObjectTagProcessor
[THYMELEAF]             * [* {th:with}] [600]: com.intuit.karate.template.KarateWithTagProcessor
[THYMELEAF]             * [* {th:inline}] [1000]: org.thymeleaf.standard.processor.StandardInlineTextualTagProcessor
[THYMELEAF]             * [* {th:text}] [1300]: org.thymeleaf.standard.processor.StandardTextTagProcessor
[THYMELEAF]             * [* {th:utext}] [1400]: org.thymeleaf.standard.processor.StandardUtextTagProcessor
[THYMELEAF]             * [* {th:assert}] [1550]: org.thymeleaf.standard.processor.StandardAssertTagProcessor
[THYMELEAF]             * [* {th:remove}] [1600]: org.thymeleaf.standard.processor.StandardRemoveTagProcessor
[THYMELEAF]             * [{th:block} *] [100000]: org.thymeleaf.standard.processor.StandardBlockTagProcessor
[THYMELEAF]             * [* 100000] [org.thymeleaf.standard.processor.StandardBlockTagProcessor]: {}
[THYMELEAF]         * Text Processors by [precedence]:
[THYMELEAF]             * [1000]: org.thymeleaf.standard.processor.StandardInliningTextProcessor
[THYMELEAF]     * Processors for Template Mode: CSS
[THYMELEAF]         * Element Tag Processors by [matching element and attribute name] [precedence]:
[THYMELEAF]             * [* {th:insert}] [100]: org.thymeleaf.standard.processor.StandardInsertTagProcessor
[THYMELEAF]             * [* {th:replace}] [100]: org.thymeleaf.standard.processor.StandardReplaceTagProcessor
[THYMELEAF]             * [* {th:each}] [200]: com.intuit.karate.template.KarateEachTagProcessor
[THYMELEAF]             * [* {th:switch}] [250]: org.thymeleaf.standard.processor.StandardSwitchTagProcessor
[THYMELEAF]             * [* {th:case}] [275]: org.thymeleaf.standard.processor.StandardCaseTagProcessor
[THYMELEAF]             * [* {th:if}] [300]: org.thymeleaf.standard.processor.StandardIfTagProcessor
[THYMELEAF]             * [* {th:unless}] [400]: org.thymeleaf.standard.processor.StandardUnlessTagProcessor
[THYMELEAF]             * [* {th:object}] [500]: org.thymeleaf.standard.processor.StandardObjectTagProcessor
[THYMELEAF]             * [* {th:with}] [600]: com.intuit.karate.template.KarateWithTagProcessor
[THYMELEAF]             * [* {th:inline}] [1000]: org.thymeleaf.standard.processor.StandardInlineTextualTagProcessor
[THYMELEAF]             * [* {th:text}] [1300]: org.thymeleaf.standard.processor.StandardTextTagProcessor
[THYMELEAF]             * [* {th:utext}] [1400]: org.thymeleaf.standard.processor.StandardUtextTagProcessor
[THYMELEAF]             * [* {th:assert}] [1550]: org.thymeleaf.standard.processor.StandardAssertTagProcessor
[THYMELEAF]             * [* {th:remove}] [1600]: org.thymeleaf.standard.processor.StandardRemoveTagProcessor
[THYMELEAF]             * [{th:block} *] [100000]: org.thymeleaf.standard.processor.StandardBlockTagProcessor
[THYMELEAF]             * [* 100000] [org.thymeleaf.standard.processor.StandardBlockTagProcessor]: {}
[THYMELEAF]         * Text Processors by [precedence]:
[THYMELEAF]             * [1000]: org.thymeleaf.standard.processor.StandardInliningTextProcessor
[THYMELEAF]     * Expression Objects:
[THYMELEAF]         * #ctx
[THYMELEAF]         * #root
[THYMELEAF]         * #vars
[THYMELEAF]         * #object
[THYMELEAF]         * #locale
[THYMELEAF]         * #conversions
[THYMELEAF]         * #uris
[THYMELEAF]         * #temporals
[THYMELEAF]         * #calendars
[THYMELEAF]         * #dates
[THYMELEAF]         * #bools
[THYMELEAF]         * #numbers
[THYMELEAF]         * #objects
[THYMELEAF]         * #strings
[THYMELEAF]         * #arrays
[THYMELEAF]         * #lists
[THYMELEAF]         * #sets
[THYMELEAF]         * #maps
[THYMELEAF]         * #aggregates
[THYMELEAF]         * #messages
[THYMELEAF]         * #ids
[THYMELEAF]         * #execInfo
[THYMELEAF]         * #request
[THYMELEAF]         * #response
[THYMELEAF]         * #session
[THYMELEAF]         * #servletContext
[THYMELEAF]     * Execution Attributes:
[THYMELEAF]         * "StandardExpressionParser": com.intuit.karate.template.KarateStandardDialect@29147c12
[THYMELEAF]         * "StandardJavaScriptSerializer": org.thymeleaf.standard.serializer.StandardJavaScriptSerializer@df7d1d4
[THYMELEAF]         * "StandardCSSSerializer": org.thymeleaf.standard.serializer.StandardCSSSerializer@58f7215c
[THYMELEAF]         * "StandardVariableExpressionEvaluator": com.intuit.karate.template.KarateStandardDialect@29147c12
[THYMELEAF]         * "StandardConversionService": org.thymeleaf.standard.expression.StandardConversionService@55638165
[THYMELEAF] * Dialect [2 of 2]: karate (com.intuit.karate.template.KarateScriptDialect)
[THYMELEAF]     * Prefix: "ka"
[THYMELEAF]     * Processors for Template Mode: HTML
[THYMELEAF]         * Element Tag Processors by [matching element and attribute name] [precedence]:
[THYMELEAF]             * [* {src}] [1000]: com.intuit.karate.template.KaScriptAttrProcessor
[THYMELEAF]         * Element Model Processors by [matching element and attribute name] [precedence]:
[THYMELEAF]             * [{script} {ka:scope,data-ka-scope}] [1000]: com.intuit.karate.template.KaScriptElemProcessor
[THYMELEAF]             * [* {ka:set,data-ka-set}] [1000]: com.intuit.karate.template.KaSetElemProcessor
[THYMELEAF] TEMPLATE ENGINE CONFIGURED OK
17:57:34.046 [main] DEBUG org.thymeleaf.TemplateEngine -- [THYMELEAF] TEMPLATE ENGINE INITIALIZED

HTML report: (paste into browser to view) | Karate version: 1.4.1
file:///C:/Users/lding/Documents/Acti2_EIEC/unir-test-master/unir-test-master/target/karate-reports/karate-summary.html
===================================================================

]]></system-out>
  </testcase>
</testsuite>